2026-05-01 11:04:14,998 [INFO] Device: cuda:0 | GPUs: 2 | Seed: 131 | Experiment: RCRG_2R_21C_conc | Version: 1
2026-05-01 11:04:14,999 [INFO] Experiment dir: experiments/RCRG_2R_21C_conc_20260501_110414
2026-05-01 11:04:18,338 [INFO] Train: 19368 samples | Val: 12069 samples
2026-05-01 11:04:18,339 [INFO] Batch: 8 × 2 GPUs = 16 | Accum: 2
2026-05-01 11:04:19,293 [INFO] Using nn.DataParallel on 2 GPUs
2026-05-01 11:04:19,295 [INFO] Parameters: 6,449,416 trainable
2026-05-01 11:04:19,295 [INFO] 
Epoch 1/20
2026-05-01 11:08:01,152 [INFO] Epoch 1/20 | Batch 50/1211 | Loss: 1.4041 | Accuracy: 0.3538
2026-05-01 11:11:39,048 [INFO] Epoch 1/20 | Batch 100/1211 | Loss: 0.7325 | Accuracy: 0.5006
2026-05-01 11:15:15,271 [INFO] Epoch 1/20 | Batch 150/1211 | Loss: 0.8021 | Accuracy: 0.5787
2026-05-01 11:18:50,651 [INFO] Epoch 1/20 | Batch 200/1211 | Loss: 0.7382 | Accuracy: 0.6244
2026-05-01 11:22:24,922 [INFO] Epoch 1/20 | Batch 250/1211 | Loss: 0.4356 | Accuracy: 0.6560
2026-05-01 11:25:58,894 [INFO] Epoch 1/20 | Batch 300/1211 | Loss: 0.2501 | Accuracy: 0.6848
2026-05-01 11:29:29,405 [INFO] Epoch 1/20 | Batch 350/1211 | Loss: 0.4791 | Accuracy: 0.7054
2026-05-01 11:33:00,374 [INFO] Epoch 1/20 | Batch 400/1211 | Loss: 0.4244 | Accuracy: 0.7255
2026-05-01 11:36:32,154 [INFO] Epoch 1/20 | Batch 450/1211 | Loss: 0.6860 | Accuracy: 0.7419
2026-05-01 11:40:02,423 [INFO] Epoch 1/20 | Batch 500/1211 | Loss: 0.2752 | Accuracy: 0.7542
2026-05-01 11:43:31,834 [INFO] Epoch 1/20 | Batch 550/1211 | Loss: 0.4721 | Accuracy: 0.7656
2026-05-01 11:47:02,972 [INFO] Epoch 1/20 | Batch 600/1211 | Loss: 0.3880 | Accuracy: 0.7759
2026-05-01 11:50:33,260 [INFO] Epoch 1/20 | Batch 650/1211 | Loss: 0.6102 | Accuracy: 0.7851
2026-05-01 11:54:05,024 [INFO] Epoch 1/20 | Batch 700/1211 | Loss: 0.1434 | Accuracy: 0.7935
2026-05-01 11:57:33,799 [INFO] Epoch 1/20 | Batch 750/1211 | Loss: 0.1577 | Accuracy: 0.8022
2026-05-01 12:01:02,684 [INFO] Epoch 1/20 | Batch 800/1211 | Loss: 0.1274 | Accuracy: 0.8093
2026-05-01 12:04:34,133 [INFO] Epoch 1/20 | Batch 850/1211 | Loss: 0.4375 | Accuracy: 0.8144
2026-05-01 12:08:04,935 [INFO] Epoch 1/20 | Batch 900/1211 | Loss: 0.2008 | Accuracy: 0.8205
2026-05-01 12:11:38,216 [INFO] Epoch 1/20 | Batch 950/1211 | Loss: 0.4215 | Accuracy: 0.8248
2026-05-01 12:15:08,981 [INFO] Epoch 1/20 | Batch 1000/1211 | Loss: 0.1197 | Accuracy: 0.8293
2026-05-01 12:18:39,502 [INFO] Epoch 1/20 | Batch 1050/1211 | Loss: 0.4236 | Accuracy: 0.8333
2026-05-01 12:22:12,819 [INFO] Epoch 1/20 | Batch 1100/1211 | Loss: 0.5623 | Accuracy: 0.8374
2026-05-01 12:25:44,799 [INFO] Epoch 1/20 | Batch 1150/1211 | Loss: 0.1072 | Accuracy: 0.8418
2026-05-01 12:29:15,552 [INFO] Epoch 1/20 | Batch 1200/1211 | Loss: 0.1750 | Accuracy: 0.8446
2026-05-01 12:29:58,750 [INFO] Epoch 1/20 | Batch 1211/1211 | Loss: 0.3044 | Accuracy: 0.8451
2026-05-01 13:16:27,050 [INFO] Validation - Epoch [1/20] | Loss: 0.6268 | Accuracy: 0.8132 | F1 Score: 0.8079
2026-05-01 13:16:27,127 [INFO] Epoch 1 Train: Loss=0.4937 | Acc=0.85% — Val: Loss=0.6268 | Acc=0.81% | F1=0.8079 — lr: 0.000099
2026-05-01 13:16:27,128 [INFO] New best val loss: 0.6268
2026-05-01 13:16:27,710 [INFO] 
Epoch 2/20
2026-05-01 13:20:14,040 [INFO] Epoch 2/20 | Batch 50/1211 | Loss: 0.1125 | Accuracy: 0.9387
2026-05-01 13:23:50,980 [INFO] Epoch 2/20 | Batch 100/1211 | Loss: 0.0682 | Accuracy: 0.9487
2026-05-01 13:27:27,994 [INFO] Epoch 2/20 | Batch 150/1211 | Loss: 0.6006 | Accuracy: 0.9425
2026-05-01 13:31:03,604 [INFO] Epoch 2/20 | Batch 200/1211 | Loss: 0.0826 | Accuracy: 0.9394
2026-05-01 13:34:42,496 [INFO] Epoch 2/20 | Batch 250/1211 | Loss: 0.1219 | Accuracy: 0.9377
2026-05-01 13:38:14,546 [INFO] Epoch 2/20 | Batch 300/1211 | Loss: 0.1505 | Accuracy: 0.9387
2026-05-01 13:41:48,106 [INFO] Epoch 2/20 | Batch 350/1211 | Loss: 0.0582 | Accuracy: 0.9404
2026-05-01 13:45:22,416 [INFO] Epoch 2/20 | Batch 400/1211 | Loss: 0.2234 | Accuracy: 0.9389
2026-05-01 13:48:58,047 [INFO] Epoch 2/20 | Batch 450/1211 | Loss: 0.0396 | Accuracy: 0.9415
2026-05-01 13:52:30,349 [INFO] Epoch 2/20 | Batch 500/1211 | Loss: 0.1559 | Accuracy: 0.9419
2026-05-01 13:56:01,227 [INFO] Epoch 2/20 | Batch 550/1211 | Loss: 0.1266 | Accuracy: 0.9431
2026-05-01 13:59:32,177 [INFO] Epoch 2/20 | Batch 600/1211 | Loss: 0.3470 | Accuracy: 0.9426
2026-05-01 14:03:03,732 [INFO] Epoch 2/20 | Batch 650/1211 | Loss: 0.1690 | Accuracy: 0.9438
2026-05-01 14:06:32,421 [INFO] Epoch 2/20 | Batch 700/1211 | Loss: 0.2462 | Accuracy: 0.9438
2026-05-01 14:09:59,808 [INFO] Epoch 2/20 | Batch 750/1211 | Loss: 0.0800 | Accuracy: 0.9452
2026-05-01 14:13:25,333 [INFO] Epoch 2/20 | Batch 800/1211 | Loss: 0.2324 | Accuracy: 0.9450
2026-05-01 14:16:52,813 [INFO] Epoch 2/20 | Batch 850/1211 | Loss: 0.0339 | Accuracy: 0.9449
2026-05-01 14:20:22,198 [INFO] Epoch 2/20 | Batch 900/1211 | Loss: 0.0289 | Accuracy: 0.9446
2026-05-01 14:23:51,976 [INFO] Epoch 2/20 | Batch 950/1211 | Loss: 0.0879 | Accuracy: 0.9455
2026-05-01 14:27:16,549 [INFO] Epoch 2/20 | Batch 1000/1211 | Loss: 0.0738 | Accuracy: 0.9457
2026-05-01 14:30:40,488 [INFO] Epoch 2/20 | Batch 1050/1211 | Loss: 0.0474 | Accuracy: 0.9460
2026-05-01 14:34:06,363 [INFO] Epoch 2/20 | Batch 1100/1211 | Loss: 0.1326 | Accuracy: 0.9469
2026-05-01 14:37:32,327 [INFO] Epoch 2/20 | Batch 1150/1211 | Loss: 0.1252 | Accuracy: 0.9470
2026-05-01 14:40:56,557 [INFO] Epoch 2/20 | Batch 1200/1211 | Loss: 0.0600 | Accuracy: 0.9474
2026-05-01 14:41:38,443 [INFO] Epoch 2/20 | Batch 1211/1211 | Loss: 0.0172 | Accuracy: 0.9477
2026-05-01 15:28:00,359 [INFO] Validation - Epoch [2/20] | Loss: 0.5296 | Accuracy: 0.8615 | F1 Score: 0.8626
2026-05-01 15:28:00,434 [INFO] Epoch 2 Train: Loss=0.1808 | Acc=0.95% — Val: Loss=0.5296 | Acc=0.86% | F1=0.8626 — lr: 0.000098
2026-05-01 15:28:00,435 [INFO] New best val loss: 0.5296
2026-05-01 15:28:01,129 [INFO] 
Epoch 3/20
2026-05-01 15:31:37,724 [INFO] Epoch 3/20 | Batch 50/1211 | Loss: 0.0421 | Accuracy: 0.9725
2026-05-01 15:35:06,117 [INFO] Epoch 3/20 | Batch 100/1211 | Loss: 0.0908 | Accuracy: 0.9700
2026-05-01 15:38:36,842 [INFO] Epoch 3/20 | Batch 150/1211 | Loss: 0.0596 | Accuracy: 0.9675
2026-05-01 15:42:04,556 [INFO] Epoch 3/20 | Batch 200/1211 | Loss: 0.0646 | Accuracy: 0.9659
2026-05-01 15:45:32,927 [INFO] Epoch 3/20 | Batch 250/1211 | Loss: 0.0529 | Accuracy: 0.9653
2026-05-01 15:49:03,278 [INFO] Epoch 3/20 | Batch 300/1211 | Loss: 0.0589 | Accuracy: 0.9648
2026-05-01 15:52:38,049 [INFO] Epoch 3/20 | Batch 350/1211 | Loss: 0.0507 | Accuracy: 0.9643
2026-05-01 15:56:12,864 [INFO] Epoch 3/20 | Batch 400/1211 | Loss: 0.0250 | Accuracy: 0.9644
2026-05-01 15:59:45,184 [INFO] Epoch 3/20 | Batch 450/1211 | Loss: 0.6180 | Accuracy: 0.9637
2026-05-01 16:03:18,116 [INFO] Epoch 3/20 | Batch 500/1211 | Loss: 0.0162 | Accuracy: 0.9640
2026-05-01 16:06:49,996 [INFO] Epoch 3/20 | Batch 550/1211 | Loss: 0.0491 | Accuracy: 0.9640
2026-05-01 16:10:20,972 [INFO] Epoch 3/20 | Batch 600/1211 | Loss: 0.0255 | Accuracy: 0.9647
2026-05-01 16:13:52,157 [INFO] Epoch 3/20 | Batch 650/1211 | Loss: 0.1141 | Accuracy: 0.9650
2026-05-01 16:17:23,310 [INFO] Epoch 3/20 | Batch 700/1211 | Loss: 0.3635 | Accuracy: 0.9652
2026-05-01 16:20:53,641 [INFO] Epoch 3/20 | Batch 750/1211 | Loss: 0.1436 | Accuracy: 0.9653
2026-05-01 16:24:21,621 [INFO] Epoch 3/20 | Batch 800/1211 | Loss: 0.0234 | Accuracy: 0.9659
2026-05-01 16:27:49,925 [INFO] Epoch 3/20 | Batch 850/1211 | Loss: 0.1228 | Accuracy: 0.9657
2026-05-01 16:31:17,849 [INFO] Epoch 3/20 | Batch 900/1211 | Loss: 0.0783 | Accuracy: 0.9655
2026-05-01 16:34:45,837 [INFO] Epoch 3/20 | Batch 950/1211 | Loss: 0.0373 | Accuracy: 0.9655
2026-05-01 16:38:14,845 [INFO] Epoch 3/20 | Batch 1000/1211 | Loss: 0.2085 | Accuracy: 0.9657
2026-05-01 16:41:40,685 [INFO] Epoch 3/20 | Batch 1050/1211 | Loss: 0.3222 | Accuracy: 0.9658
2026-05-01 16:45:09,316 [INFO] Epoch 3/20 | Batch 1100/1211 | Loss: 0.0275 | Accuracy: 0.9657
2026-05-01 16:48:37,362 [INFO] Epoch 3/20 | Batch 1150/1211 | Loss: 0.0577 | Accuracy: 0.9661
2026-05-01 16:52:03,705 [INFO] Epoch 3/20 | Batch 1200/1211 | Loss: 0.0077 | Accuracy: 0.9665
2026-05-01 16:52:45,673 [INFO] Epoch 3/20 | Batch 1211/1211 | Loss: 0.3799 | Accuracy: 0.9667
2026-05-01 17:38:50,905 [INFO] Validation - Epoch [3/20] | Loss: 0.5984 | Accuracy: 0.8383 | F1 Score: 0.8392
2026-05-01 17:38:50,984 [INFO] Epoch 3 Train: Loss=0.1177 | Acc=0.97% — Val: Loss=0.5984 | Acc=0.84% | F1=0.8392 — lr: 0.000095
2026-05-01 17:38:51,284 [INFO] 
Epoch 4/20
2026-05-01 17:42:28,697 [INFO] Epoch 4/20 | Batch 50/1211 | Loss: 0.0244 | Accuracy: 0.9788
2026-05-01 17:46:01,342 [INFO] Epoch 4/20 | Batch 100/1211 | Loss: 0.0547 | Accuracy: 0.9819
2026-05-01 17:49:36,916 [INFO] Epoch 4/20 | Batch 150/1211 | Loss: 0.0067 | Accuracy: 0.9792
2026-05-01 17:53:07,909 [INFO] Epoch 4/20 | Batch 200/1211 | Loss: 0.0314 | Accuracy: 0.9791
