2026-04-29 20:25:30,425 [INFO] Device: cuda:0 | GPUs: 2 | Seed: 131 | Experiment: B6_RCRG_3R_421C_conc | Version: 1
2026-04-29 20:25:30,426 [INFO] Experiment dir: experiments/B6_RCRG_3R_421C_conc_20260429_202530
2026-04-29 20:25:34,662 [INFO] Train: 19368 samples | Val: 12069 samples
2026-04-29 20:25:34,663 [INFO] Batch: 16 × 2 GPUs = 32 | Accum: 2
2026-04-29 20:25:35,463 [INFO] Using nn.DataParallel on 2 GPUs
2026-04-29 20:25:35,464 [INFO] Parameters: 3,562,760 trainable
2026-04-29 20:25:35,465 [INFO] 
Epoch 1/20
2026-04-29 20:26:11,024 [INFO] Epoch 1/20 | Batch 50/606 | Loss: 0.8573 | Accuracy: 0.5831
2026-04-29 20:26:43,262 [INFO] Epoch 1/20 | Batch 100/606 | Loss: 0.6341 | Accuracy: 0.7031
2026-04-29 20:27:15,844 [INFO] Epoch 1/20 | Batch 150/606 | Loss: 0.3205 | Accuracy: 0.7629
2026-04-29 20:27:48,306 [INFO] Epoch 1/20 | Batch 200/606 | Loss: 0.7521 | Accuracy: 0.7917
2026-04-29 20:28:20,528 [INFO] Epoch 1/20 | Batch 250/606 | Loss: 0.5617 | Accuracy: 0.8094
2026-04-29 20:28:53,177 [INFO] Epoch 1/20 | Batch 300/606 | Loss: 0.3190 | Accuracy: 0.8253
2026-04-29 20:29:25,602 [INFO] Epoch 1/20 | Batch 350/606 | Loss: 0.2942 | Accuracy: 0.8360
2026-04-29 20:29:58,207 [INFO] Epoch 1/20 | Batch 400/606 | Loss: 0.2627 | Accuracy: 0.8441
2026-04-29 20:30:29,946 [INFO] Epoch 1/20 | Batch 450/606 | Loss: 0.2842 | Accuracy: 0.8515
2026-04-29 20:31:02,643 [INFO] Epoch 1/20 | Batch 500/606 | Loss: 0.2407 | Accuracy: 0.8588
2026-04-29 20:31:34,449 [INFO] Epoch 1/20 | Batch 550/606 | Loss: 0.4278 | Accuracy: 0.8639
2026-04-29 20:32:07,219 [INFO] Epoch 1/20 | Batch 600/606 | Loss: 0.2360 | Accuracy: 0.8672
2026-04-29 20:32:09,635 [INFO] Epoch 1/20 | Batch 606/606 | Loss: 0.9257 | Accuracy: 0.8673
2026-04-29 20:36:47,463 [INFO] Validation - Epoch [1/20] | Loss: 0.5354 | Accuracy: 0.8364 | F1 Score: 0.8371
2026-04-29 20:36:47,472 [INFO] Epoch 1 Train: Loss=0.4347 | Acc=0.87% — Val: Loss=0.5354 | Acc=0.84% | F1=0.8371 — lr: 0.000099
2026-04-29 20:36:47,473 [INFO] New best val loss: 0.5354
2026-04-29 20:36:47,838 [INFO] 
Epoch 2/20
2026-04-29 20:37:23,070 [INFO] Epoch 2/20 | Batch 50/606 | Loss: 0.2575 | Accuracy: 0.9456
2026-04-29 20:37:55,491 [INFO] Epoch 2/20 | Batch 100/606 | Loss: 0.1248 | Accuracy: 0.9472
2026-04-29 20:38:28,362 [INFO] Epoch 2/20 | Batch 150/606 | Loss: 0.2215 | Accuracy: 0.9433
2026-04-29 20:39:00,867 [INFO] Epoch 2/20 | Batch 200/606 | Loss: 0.3019 | Accuracy: 0.9406
2026-04-29 20:39:33,298 [INFO] Epoch 2/20 | Batch 250/606 | Loss: 0.2005 | Accuracy: 0.9423
2026-04-29 20:40:05,155 [INFO] Epoch 2/20 | Batch 300/606 | Loss: 0.1852 | Accuracy: 0.9416
2026-04-29 20:40:37,522 [INFO] Epoch 2/20 | Batch 350/606 | Loss: 0.1417 | Accuracy: 0.9415
2026-04-29 20:41:09,687 [INFO] Epoch 2/20 | Batch 400/606 | Loss: 0.1396 | Accuracy: 0.9429
2026-04-29 20:41:42,226 [INFO] Epoch 2/20 | Batch 450/606 | Loss: 0.1111 | Accuracy: 0.9433
2026-04-29 20:42:14,492 [INFO] Epoch 2/20 | Batch 500/606 | Loss: 0.2189 | Accuracy: 0.9434
2026-04-29 20:42:46,946 [INFO] Epoch 2/20 | Batch 550/606 | Loss: 0.2476 | Accuracy: 0.9437
2026-04-29 20:43:18,452 [INFO] Epoch 2/20 | Batch 600/606 | Loss: 0.1929 | Accuracy: 0.9437
2026-04-29 20:43:21,095 [INFO] Epoch 2/20 | Batch 606/606 | Loss: 0.4316 | Accuracy: 0.9436
2026-04-29 20:47:59,440 [INFO] Validation - Epoch [2/20] | Loss: 0.7063 | Accuracy: 0.7977 | F1 Score: 0.7995
2026-04-29 20:47:59,448 [INFO] Epoch 2 Train: Loss=0.1939 | Acc=0.94% — Val: Loss=0.7063 | Acc=0.80% | F1=0.7995 — lr: 0.000098
2026-04-29 20:47:59,651 [INFO] 
Epoch 3/20
2026-04-29 20:48:34,915 [INFO] Epoch 3/20 | Batch 50/606 | Loss: 0.1298 | Accuracy: 0.9631
2026-04-29 20:49:07,016 [INFO] Epoch 3/20 | Batch 100/606 | Loss: 0.0514 | Accuracy: 0.9644
2026-04-29 20:49:39,744 [INFO] Epoch 3/20 | Batch 150/606 | Loss: 0.4362 | Accuracy: 0.9598
2026-04-29 20:50:11,693 [INFO] Epoch 3/20 | Batch 200/606 | Loss: 0.0971 | Accuracy: 0.9589
2026-04-29 20:50:43,523 [INFO] Epoch 3/20 | Batch 250/606 | Loss: 0.2098 | Accuracy: 0.9596
2026-04-29 20:51:15,889 [INFO] Epoch 3/20 | Batch 300/606 | Loss: 0.0876 | Accuracy: 0.9591
2026-04-29 20:51:48,021 [INFO] Epoch 3/20 | Batch 350/606 | Loss: 0.0383 | Accuracy: 0.9597
2026-04-29 20:52:19,935 [INFO] Epoch 3/20 | Batch 400/606 | Loss: 0.1215 | Accuracy: 0.9600
2026-04-29 20:52:52,089 [INFO] Epoch 3/20 | Batch 450/606 | Loss: 0.1257 | Accuracy: 0.9604
2026-04-29 20:53:24,426 [INFO] Epoch 3/20 | Batch 500/606 | Loss: 0.0376 | Accuracy: 0.9606
2026-04-29 20:53:56,782 [INFO] Epoch 3/20 | Batch 550/606 | Loss: 0.1555 | Accuracy: 0.9611
2026-04-29 20:54:28,495 [INFO] Epoch 3/20 | Batch 600/606 | Loss: 0.1844 | Accuracy: 0.9615
2026-04-29 20:54:31,284 [INFO] Epoch 3/20 | Batch 606/606 | Loss: 0.7728 | Accuracy: 0.9612
2026-04-29 20:59:09,183 [INFO] Validation - Epoch [3/20] | Loss: 0.7238 | Accuracy: 0.8052 | F1 Score: 0.8006
2026-04-29 20:59:09,192 [INFO] Epoch 3 Train: Loss=0.1339 | Acc=0.96% — Val: Loss=0.7238 | Acc=0.81% | F1=0.8006 — lr: 0.000095
2026-04-29 20:59:09,383 [INFO] 
Epoch 4/20
2026-04-29 20:59:43,685 [INFO] Epoch 4/20 | Batch 50/606 | Loss: 0.0569 | Accuracy: 0.9750
2026-04-29 21:00:14,651 [INFO] Epoch 4/20 | Batch 100/606 | Loss: 0.1410 | Accuracy: 0.9747
2026-04-29 21:00:45,700 [INFO] Epoch 4/20 | Batch 150/606 | Loss: 0.0236 | Accuracy: 0.9769
2026-04-29 21:01:17,509 [INFO] Epoch 4/20 | Batch 200/606 | Loss: 0.0291 | Accuracy: 0.9780
2026-04-29 21:01:48,058 [INFO] Epoch 4/20 | Batch 250/606 | Loss: 0.0519 | Accuracy: 0.9781
2026-04-29 21:02:19,387 [INFO] Epoch 4/20 | Batch 300/606 | Loss: 0.0252 | Accuracy: 0.9771
2026-04-29 21:02:50,792 [INFO] Epoch 4/20 | Batch 350/606 | Loss: 0.1966 | Accuracy: 0.9750
2026-04-29 21:03:22,787 [INFO] Epoch 4/20 | Batch 400/606 | Loss: 0.1178 | Accuracy: 0.9742
2026-04-29 21:03:55,841 [INFO] Epoch 4/20 | Batch 450/606 | Loss: 0.0537 | Accuracy: 0.9742
2026-04-29 21:04:27,965 [INFO] Epoch 4/20 | Batch 500/606 | Loss: 0.1834 | Accuracy: 0.9737
2026-04-29 21:05:00,322 [INFO] Epoch 4/20 | Batch 550/606 | Loss: 0.0077 | Accuracy: 0.9739
2026-04-29 21:05:32,277 [INFO] Epoch 4/20 | Batch 600/606 | Loss: 0.0583 | Accuracy: 0.9736
2026-04-29 21:05:34,902 [INFO] Epoch 4/20 | Batch 606/606 | Loss: 0.0334 | Accuracy: 0.9735
2026-04-29 21:10:13,270 [INFO] Validation - Epoch [4/20] | Loss: 0.8112 | Accuracy: 0.7855 | F1 Score: 0.7866
2026-04-29 21:10:13,279 [INFO] Epoch 4 Train: Loss=0.0926 | Acc=0.97% — Val: Loss=0.8112 | Acc=0.79% | F1=0.7866 — lr: 0.000091
2026-04-29 21:10:13,475 [INFO] 
Epoch 5/20
2026-04-29 21:10:48,258 [INFO] Epoch 5/20 | Batch 50/606 | Loss: 0.0698 | Accuracy: 0.9756
2026-04-29 21:11:19,452 [INFO] Epoch 5/20 | Batch 100/606 | Loss: 0.0531 | Accuracy: 0.9778
2026-04-29 21:11:52,221 [INFO] Epoch 5/20 | Batch 150/606 | Loss: 0.1125 | Accuracy: 0.9783
2026-04-29 21:12:24,278 [INFO] Epoch 5/20 | Batch 200/606 | Loss: 0.0240 | Accuracy: 0.9794
2026-04-29 21:12:56,882 [INFO] Epoch 5/20 | Batch 250/606 | Loss: 0.0367 | Accuracy: 0.9799
2026-04-29 21:13:29,757 [INFO] Epoch 5/20 | Batch 300/606 | Loss: 0.1492 | Accuracy: 0.9800
2026-04-29 21:14:02,689 [INFO] Epoch 5/20 | Batch 350/606 | Loss: 0.0437 | Accuracy: 0.9792
2026-04-29 21:14:35,286 [INFO] Epoch 5/20 | Batch 400/606 | Loss: 0.0124 | Accuracy: 0.9793
2026-04-29 21:15:07,939 [INFO] Epoch 5/20 | Batch 450/606 | Loss: 0.0212 | Accuracy: 0.9798
2026-04-29 21:15:40,096 [INFO] Epoch 5/20 | Batch 500/606 | Loss: 0.2144 | Accuracy: 0.9793
2026-04-29 21:16:13,100 [INFO] Epoch 5/20 | Batch 550/606 | Loss: 0.0400 | Accuracy: 0.9789
2026-04-29 21:16:45,181 [INFO] Epoch 5/20 | Batch 600/606 | Loss: 0.1136 | Accuracy: 0.9791
2026-04-29 21:16:47,754 [INFO] Epoch 5/20 | Batch 606/606 | Loss: 0.0144 | Accuracy: 0.9790
2026-04-29 21:21:27,065 [INFO] Validation - Epoch [5/20] | Loss: 0.7971 | Accuracy: 0.7916 | F1 Score: 0.7960
2026-04-29 21:21:27,074 [INFO] Epoch 5 Train: Loss=0.0716 | Acc=0.98% — Val: Loss=0.7971 | Acc=0.79% | F1=0.7960 — lr: 0.000086
2026-04-29 21:21:27,286 [INFO] 
Epoch 6/20
2026-04-29 21:22:03,131 [INFO] Epoch 6/20 | Batch 50/606 | Loss: 0.0115 | Accuracy: 0.9838
2026-04-29 21:22:35,969 [INFO] Epoch 6/20 | Batch 100/606 | Loss: 0.0090 | Accuracy: 0.9859
2026-04-29 21:23:09,194 [INFO] Epoch 6/20 | Batch 150/606 | Loss: 0.0114 | Accuracy: 0.9838
2026-04-29 21:23:42,076 [INFO] Epoch 6/20 | Batch 200/606 | Loss: 0.0129 | Accuracy: 0.9827
2026-04-29 21:24:15,152 [INFO] Epoch 6/20 | Batch 250/606 | Loss: 0.0398 | Accuracy: 0.9831
2026-04-29 21:24:47,766 [INFO] Epoch 6/20 | Batch 300/606 | Loss: 0.2431 | Accuracy: 0.9831
2026-04-29 21:25:20,229 [INFO] Epoch 6/20 | Batch 350/606 | Loss: 0.0701 | Accuracy: 0.9829
2026-04-29 21:25:52,256 [INFO] Epoch 6/20 | Batch 400/606 | Loss: 0.0796 | Accuracy: 0.9831
2026-04-29 21:26:24,950 [INFO] Epoch 6/20 | Batch 450/606 | Loss: 0.0402 | Accuracy: 0.9835
2026-04-29 21:26:57,344 [INFO] Epoch 6/20 | Batch 500/606 | Loss: 0.0167 | Accuracy: 0.9839
2026-04-29 21:27:30,532 [INFO] Epoch 6/20 | Batch 550/606 | Loss: 0.0161 | Accuracy: 0.9834
2026-04-29 21:28:02,935 [INFO] Epoch 6/20 | Batch 600/606 | Loss: 0.0099 | Accuracy: 0.9835
2026-04-29 21:28:05,498 [INFO] Epoch 6/20 | Batch 606/606 | Loss: 0.3088 | Accuracy: 0.9835
2026-04-29 21:32:50,384 [INFO] Validation - Epoch [6/20] | Loss: 0.9591 | Accuracy: 0.7850 | F1 Score: 0.7797
2026-04-29 21:32:50,393 [INFO] Epoch 6 Train: Loss=0.0576 | Acc=0.98% — Val: Loss=0.9591 | Acc=0.78% | F1=0.7797 — lr: 0.000080
2026-04-29 21:32:50,607 [INFO] 
Epoch 7/20
2026-04-29 21:33:30,205 [INFO] Epoch 7/20 | Batch 50/606 | Loss: 0.0353 | Accuracy: 0.9869
2026-04-29 21:34:05,577 [INFO] Epoch 7/20 | Batch 100/606 | Loss: 0.0268 | Accuracy: 0.9878
2026-04-29 21:34:41,167 [INFO] Epoch 7/20 | Batch 150/606 | Loss: 0.0131 | Accuracy: 0.9879
2026-04-29 21:35:16,332 [INFO] Epoch 7/20 | Batch 200/606 | Loss: 0.0060 | Accuracy: 0.9880
2026-04-29 21:35:51,820 [INFO] Epoch 7/20 | Batch 250/606 | Loss: 0.0359 | Accuracy: 0.9886
2026-04-29 21:36:27,127 [INFO] Epoch 7/20 | Batch 300/606 | Loss: 0.1528 | Accuracy: 0.9878
2026-04-29 21:37:01,808 [INFO] Epoch 7/20 | Batch 350/606 | Loss: 0.0074 | Accuracy: 0.9883
2026-04-29 21:37:36,038 [INFO] Epoch 7/20 | Batch 400/606 | Loss: 0.0054 | Accuracy: 0.9886
2026-04-29 21:38:10,023 [INFO] Epoch 7/20 | Batch 450/606 | Loss: 0.0250 | Accuracy: 0.9891
2026-04-29 21:38:43,717 [INFO] Epoch 7/20 | Batch 500/606 | Loss: 0.0161 | Accuracy: 0.9893
2026-04-29 21:39:17,972 [INFO] Epoch 7/20 | Batch 550/606 | Loss: 0.0063 | Accuracy: 0.9893
2026-04-29 21:39:51,650 [INFO] Epoch 7/20 | Batch 600/606 | Loss: 0.0038 | Accuracy: 0.9896
2026-04-29 21:39:54,175 [INFO] Epoch 7/20 | Batch 606/606 | Loss: 0.7307 | Accuracy: 0.9895
2026-04-29 21:44:36,366 [INFO] Validation - Epoch [7/20] | Loss: 0.7854 | Accuracy: 0.8171 | F1 Score: 0.8198
2026-04-29 21:44:36,374 [INFO] Epoch 7 Train: Loss=0.0388 | Acc=0.99% — Val: Loss=0.7854 | Acc=0.82% | F1=0.8198 — lr: 0.000073
2026-04-29 21:44:36,573 [INFO] 
Epoch 8/20
2026-04-29 21:45:14,171 [INFO] Epoch 8/20 | Batch 50/606 | Loss: 0.0626 | Accuracy: 0.9881
2026-04-29 21:45:47,695 [INFO] Epoch 8/20 | Batch 100/606 | Loss: 0.0083 | Accuracy: 0.9878
2026-04-29 21:46:22,803 [INFO] Epoch 8/20 | Batch 150/606 | Loss: 0.0259 | Accuracy: 0.9888
2026-04-29 21:46:56,740 [INFO] Epoch 8/20 | Batch 200/606 | Loss: 0.0182 | Accuracy: 0.9886
2026-04-29 21:47:30,028 [INFO] Epoch 8/20 | Batch 250/606 | Loss: 0.0130 | Accuracy: 0.9888
2026-04-29 21:48:04,063 [INFO] Epoch 8/20 | Batch 300/606 | Loss: 0.0239 | Accuracy: 0.9891
2026-04-29 21:48:37,804 [INFO] Epoch 8/20 | Batch 350/606 | Loss: 0.0639 | Accuracy: 0.9892
2026-04-29 21:49:11,365 [INFO] Epoch 8/20 | Batch 400/606 | Loss: 0.0149 | Accuracy: 0.9895
2026-04-29 21:49:44,937 [INFO] Epoch 8/20 | Batch 450/606 | Loss: 0.1197 | Accuracy: 0.9887
2026-04-29 21:50:17,941 [INFO] Epoch 8/20 | Batch 500/606 | Loss: 0.0160 | Accuracy: 0.9888
2026-04-29 21:50:52,322 [INFO] Epoch 8/20 | Batch 550/606 | Loss: 0.0367 | Accuracy: 0.9890
2026-04-29 21:51:25,595 [INFO] Epoch 8/20 | Batch 600/606 | Loss: 0.2011 | Accuracy: 0.9889
2026-04-29 21:51:28,107 [INFO] Epoch 8/20 | Batch 606/606 | Loss: 0.0217 | Accuracy: 0.9888
2026-04-29 21:56:10,581 [INFO] Validation - Epoch [8/20] | Loss: 0.7477 | Accuracy: 0.8226 | F1 Score: 0.8227
2026-04-29 21:56:10,591 [INFO] Epoch 8 Train: Loss=0.0370 | Acc=0.99% — Val: Loss=0.7477 | Acc=0.82% | F1=0.8227 — lr: 0.000066
2026-04-29 21:56:10,806 [INFO] 
Epoch 9/20
2026-04-29 21:56:47,943 [INFO] Epoch 9/20 | Batch 50/606 | Loss: 0.0305 | Accuracy: 0.9875
2026-04-29 21:57:21,782 [INFO] Epoch 9/20 | Batch 100/606 | Loss: 0.0226 | Accuracy: 0.9894
2026-04-29 21:57:55,710 [INFO] Epoch 9/20 | Batch 150/606 | Loss: 0.0063 | Accuracy: 0.9906
2026-04-29 21:58:29,424 [INFO] Epoch 9/20 | Batch 200/606 | Loss: 0.0438 | Accuracy: 0.9906
2026-04-29 21:59:04,202 [INFO] Epoch 9/20 | Batch 250/606 | Loss: 0.0085 | Accuracy: 0.9911
2026-04-29 21:59:38,125 [INFO] Epoch 9/20 | Batch 300/606 | Loss: 0.0125 | Accuracy: 0.9912
2026-04-29 22:00:11,744 [INFO] Epoch 9/20 | Batch 350/606 | Loss: 0.0222 | Accuracy: 0.9915
2026-04-29 22:00:44,971 [INFO] Epoch 9/20 | Batch 400/606 | Loss: 0.0074 | Accuracy: 0.9919
2026-04-29 22:01:18,637 [INFO] Epoch 9/20 | Batch 450/606 | Loss: 0.0066 | Accuracy: 0.9924
2026-04-29 22:01:52,152 [INFO] Epoch 9/20 | Batch 500/606 | Loss: 0.0514 | Accuracy: 0.9922
2026-04-29 22:02:25,550 [INFO] Epoch 9/20 | Batch 550/606 | Loss: 0.0035 | Accuracy: 0.9918
2026-04-29 22:02:58,876 [INFO] Epoch 9/20 | Batch 600/606 | Loss: 0.0065 | Accuracy: 0.9921
2026-04-29 22:03:01,306 [INFO] Epoch 9/20 | Batch 606/606 | Loss: 0.4458 | Accuracy: 0.9919
2026-04-29 22:07:44,748 [INFO] Validation - Epoch [9/20] | Loss: 0.8157 | Accuracy: 0.8255 | F1 Score: 0.8266
2026-04-29 22:07:44,763 [INFO] Epoch 9 Train: Loss=0.0270 | Acc=0.99% — Val: Loss=0.8157 | Acc=0.83% | F1=0.8266 — lr: 0.000058
2026-04-29 22:07:44,959 [INFO] 
Epoch 10/20
2026-04-29 22:08:21,043 [INFO] Epoch 10/20 | Batch 50/606 | Loss: 0.0134 | Accuracy: 0.9919
2026-04-29 22:08:53,442 [INFO] Epoch 10/20 | Batch 100/606 | Loss: 0.0213 | Accuracy: 0.9938
2026-04-29 22:09:27,018 [INFO] Epoch 10/20 | Batch 150/606 | Loss: 0.0168 | Accuracy: 0.9935
2026-04-29 22:10:00,786 [INFO] Epoch 10/20 | Batch 200/606 | Loss: 0.0135 | Accuracy: 0.9925
2026-04-29 22:10:33,549 [INFO] Epoch 10/20 | Batch 250/606 | Loss: 0.0079 | Accuracy: 0.9926
2026-04-29 22:11:07,474 [INFO] Epoch 10/20 | Batch 300/606 | Loss: 0.0023 | Accuracy: 0.9928
2026-04-29 22:11:40,303 [INFO] Epoch 10/20 | Batch 350/606 | Loss: 0.0085 | Accuracy: 0.9927
2026-04-29 22:12:14,016 [INFO] Epoch 10/20 | Batch 400/606 | Loss: 0.0038 | Accuracy: 0.9924
2026-04-29 22:12:47,507 [INFO] Epoch 10/20 | Batch 450/606 | Loss: 0.0101 | Accuracy: 0.9927
2026-04-29 22:13:21,801 [INFO] Epoch 10/20 | Batch 500/606 | Loss: 0.0105 | Accuracy: 0.9928
2026-04-29 22:13:56,290 [INFO] Epoch 10/20 | Batch 550/606 | Loss: 0.0071 | Accuracy: 0.9930
2026-04-29 22:14:31,970 [INFO] Epoch 10/20 | Batch 600/606 | Loss: 0.0190 | Accuracy: 0.9930
2026-04-29 22:14:34,398 [INFO] Epoch 10/20 | Batch 606/606 | Loss: 0.1693 | Accuracy: 0.9930
2026-04-29 22:19:17,646 [INFO] Validation - Epoch [10/20] | Loss: 0.8127 | Accuracy: 0.8187 | F1 Score: 0.8194
2026-04-29 22:19:17,655 [INFO] Epoch 10 Train: Loss=0.0248 | Acc=0.99% — Val: Loss=0.8127 | Acc=0.82% | F1=0.8194 — lr: 0.000051
2026-04-29 22:19:17,853 [INFO] 
Epoch 11/20
2026-04-29 22:19:55,654 [INFO] Epoch 11/20 | Batch 50/606 | Loss: 0.0024 | Accuracy: 0.9944
2026-04-29 22:20:29,043 [INFO] Epoch 11/20 | Batch 100/606 | Loss: 0.0734 | Accuracy: 0.9941
2026-04-29 22:21:03,158 [INFO] Epoch 11/20 | Batch 150/606 | Loss: 0.0089 | Accuracy: 0.9933
2026-04-29 22:21:37,442 [INFO] Epoch 11/20 | Batch 200/606 | Loss: 0.0028 | Accuracy: 0.9939
2026-04-29 22:22:11,201 [INFO] Epoch 11/20 | Batch 250/606 | Loss: 0.0203 | Accuracy: 0.9940
2026-04-29 22:22:44,927 [INFO] Epoch 11/20 | Batch 300/606 | Loss: 0.0159 | Accuracy: 0.9944
2026-04-29 22:23:19,185 [INFO] Epoch 11/20 | Batch 350/606 | Loss: 0.0168 | Accuracy: 0.9950
2026-04-29 22:23:52,936 [INFO] Epoch 11/20 | Batch 400/606 | Loss: 0.0135 | Accuracy: 0.9954
2026-04-29 22:24:27,311 [INFO] Epoch 11/20 | Batch 450/606 | Loss: 0.0198 | Accuracy: 0.9951
2026-04-29 22:25:01,146 [INFO] Epoch 11/20 | Batch 500/606 | Loss: 0.0140 | Accuracy: 0.9949
2026-04-29 22:25:36,006 [INFO] Epoch 11/20 | Batch 550/606 | Loss: 0.0183 | Accuracy: 0.9948
2026-04-29 22:26:10,202 [INFO] Epoch 11/20 | Batch 600/606 | Loss: 0.0022 | Accuracy: 0.9946
2026-04-29 22:26:12,932 [INFO] Epoch 11/20 | Batch 606/606 | Loss: 0.0155 | Accuracy: 0.9946
2026-04-29 22:30:56,438 [INFO] Validation - Epoch [11/20] | Loss: 0.8281 | Accuracy: 0.8198 | F1 Score: 0.8221
2026-04-29 22:30:56,447 [INFO] Epoch 11 Train: Loss=0.0188 | Acc=0.99% — Val: Loss=0.8281 | Acc=0.82% | F1=0.8221 — lr: 0.000043
2026-04-29 22:30:56,660 [INFO] 
Epoch 12/20
2026-04-29 22:31:34,781 [INFO] Epoch 12/20 | Batch 50/606 | Loss: 0.0177 | Accuracy: 0.9969
2026-04-29 22:32:08,592 [INFO] Epoch 12/20 | Batch 100/606 | Loss: 0.0065 | Accuracy: 0.9975
2026-04-29 22:32:43,578 [INFO] Epoch 12/20 | Batch 150/606 | Loss: 0.0336 | Accuracy: 0.9975
2026-04-29 22:33:17,943 [INFO] Epoch 12/20 | Batch 200/606 | Loss: 0.0102 | Accuracy: 0.9973
2026-04-29 22:33:53,714 [INFO] Epoch 12/20 | Batch 250/606 | Loss: 0.2097 | Accuracy: 0.9970
2026-04-29 22:34:29,673 [INFO] Epoch 12/20 | Batch 300/606 | Loss: 0.0057 | Accuracy: 0.9970
2026-04-29 22:35:05,526 [INFO] Epoch 12/20 | Batch 350/606 | Loss: 0.0147 | Accuracy: 0.9969
2026-04-29 22:35:41,459 [INFO] Epoch 12/20 | Batch 400/606 | Loss: 0.0024 | Accuracy: 0.9968
2026-04-29 22:36:18,063 [INFO] Epoch 12/20 | Batch 450/606 | Loss: 0.0204 | Accuracy: 0.9964
2026-04-29 22:36:52,982 [INFO] Epoch 12/20 | Batch 500/606 | Loss: 0.0042 | Accuracy: 0.9963
2026-04-29 22:37:28,679 [INFO] Epoch 12/20 | Batch 550/606 | Loss: 0.0159 | Accuracy: 0.9960
2026-04-29 22:38:04,450 [INFO] Epoch 12/20 | Batch 600/606 | Loss: 0.0263 | Accuracy: 0.9962
2026-04-29 22:38:07,083 [INFO] Epoch 12/20 | Batch 606/606 | Loss: 0.0019 | Accuracy: 0.9961
2026-04-29 22:42:52,792 [INFO] Validation - Epoch [12/20] | Loss: 0.8810 | Accuracy: 0.8155 | F1 Score: 0.8174
2026-04-29 22:42:52,805 [INFO] Epoch 12 Train: Loss=0.0171 | Acc=1.00% — Val: Loss=0.8810 | Acc=0.82% | F1=0.8174 — lr: 0.000035
2026-04-29 22:42:53,016 [INFO] 
Epoch 13/20
2026-04-29 22:43:31,139 [INFO] Epoch 13/20 | Batch 50/606 | Loss: 0.0121 | Accuracy: 0.9969
2026-04-29 22:44:04,624 [INFO] Epoch 13/20 | Batch 100/606 | Loss: 0.0079 | Accuracy: 0.9966
2026-04-29 22:44:38,416 [INFO] Epoch 13/20 | Batch 150/606 | Loss: 0.0107 | Accuracy: 0.9962
2026-04-29 22:45:12,502 [INFO] Epoch 13/20 | Batch 200/606 | Loss: 0.0140 | Accuracy: 0.9964
2026-04-29 22:45:46,099 [INFO] Epoch 13/20 | Batch 250/606 | Loss: 0.0015 | Accuracy: 0.9964
2026-04-29 22:46:19,758 [INFO] Epoch 13/20 | Batch 300/606 | Loss: 0.0017 | Accuracy: 0.9964
2026-04-29 22:46:54,751 [INFO] Epoch 13/20 | Batch 350/606 | Loss: 0.0021 | Accuracy: 0.9963
2026-04-29 22:47:28,914 [INFO] Epoch 13/20 | Batch 400/606 | Loss: 0.0036 | Accuracy: 0.9964
2026-04-29 22:48:03,585 [INFO] Epoch 13/20 | Batch 450/606 | Loss: 0.0107 | Accuracy: 0.9963
2026-04-29 22:48:37,319 [INFO] Epoch 13/20 | Batch 500/606 | Loss: 0.0062 | Accuracy: 0.9964
2026-04-29 22:49:11,801 [INFO] Epoch 13/20 | Batch 550/606 | Loss: 0.0087 | Accuracy: 0.9964
2026-04-29 22:49:45,598 [INFO] Epoch 13/20 | Batch 600/606 | Loss: 0.0053 | Accuracy: 0.9965
2026-04-29 22:49:48,353 [INFO] Epoch 13/20 | Batch 606/606 | Loss: 0.0080 | Accuracy: 0.9964
2026-04-29 22:54:31,995 [INFO] Validation - Epoch [13/20] | Loss: 0.8650 | Accuracy: 0.8258 | F1 Score: 0.8268
2026-04-29 22:54:32,010 [INFO] Epoch 13 Train: Loss=0.0143 | Acc=1.00% — Val: Loss=0.8650 | Acc=0.83% | F1=0.8268 — lr: 0.000028
2026-04-29 22:54:32,220 [INFO] 
Epoch 14/20
