2026-04-27 13:47:43,498 [INFO] Device: cuda:0 | GPUs: 2 | Seed: 131 | Experiment: B4_RCRG_2R_11C_conc | Version: 1
2026-04-27 13:47:43,499 [INFO] Experiment dir: experiments/B4_RCRG_2R_11C_conc_20260427_134743
2026-04-27 13:47:47,207 [INFO] Train: 19368 samples | Val: 12069 samples
2026-04-27 13:47:47,208 [INFO] Batch: 16 × 2 GPUs = 32 | Accum: 2
2026-04-27 13:47:47,977 [INFO] Using nn.DataParallel on 2 GPUs
2026-04-27 13:47:47,978 [INFO] Parameters: 1,988,872 trainable
2026-04-27 13:47:47,979 [INFO] 
Epoch 1/20
2026-04-27 13:48:29,101 [INFO] Epoch 1/20 | Batch 50/606 | Loss: 1.1367 | Accuracy: 0.4775
2026-04-27 13:49:04,801 [INFO] Epoch 1/20 | Batch 100/606 | Loss: 0.4021 | Accuracy: 0.6272
2026-04-27 13:49:40,090 [INFO] Epoch 1/20 | Batch 150/606 | Loss: 0.4787 | Accuracy: 0.6919
2026-04-27 13:50:15,658 [INFO] Epoch 1/20 | Batch 200/606 | Loss: 0.3279 | Accuracy: 0.7334
2026-04-27 13:50:50,039 [INFO] Epoch 1/20 | Batch 250/606 | Loss: 0.3170 | Accuracy: 0.7651
2026-04-27 13:51:24,612 [INFO] Epoch 1/20 | Batch 300/606 | Loss: 0.3696 | Accuracy: 0.7854
2026-04-27 13:51:58,558 [INFO] Epoch 1/20 | Batch 350/606 | Loss: 0.2978 | Accuracy: 0.8012
2026-04-27 13:52:34,632 [INFO] Epoch 1/20 | Batch 400/606 | Loss: 0.6801 | Accuracy: 0.8129
2026-04-27 13:53:08,802 [INFO] Epoch 1/20 | Batch 450/606 | Loss: 0.5160 | Accuracy: 0.8237
2026-04-27 13:53:42,733 [INFO] Epoch 1/20 | Batch 500/606 | Loss: 0.3169 | Accuracy: 0.8327
2026-04-27 13:54:17,714 [INFO] Epoch 1/20 | Batch 550/606 | Loss: 0.1828 | Accuracy: 0.8395
2026-04-27 13:54:55,319 [INFO] Epoch 1/20 | Batch 600/606 | Loss: 0.2000 | Accuracy: 0.8461
2026-04-27 13:54:58,006 [INFO] Epoch 1/20 | Batch 606/606 | Loss: 0.3372 | Accuracy: 0.8470
2026-04-27 14:00:29,003 [INFO] Validation - Epoch [1/20] | Loss: 0.8323 | Accuracy: 0.7521 | F1 Score: 0.7559
2026-04-27 14:00:29,013 [INFO] Epoch 1 Train: Loss=0.5007 | Acc=0.85% — Val: Loss=0.8323 | Acc=0.75% | F1=0.7559 — lr: 0.000099
2026-04-27 14:00:29,014 [INFO] New best val loss: 0.8323
2026-04-27 14:00:29,395 [INFO] 
Epoch 2/20
2026-04-27 14:01:08,548 [INFO] Epoch 2/20 | Batch 50/606 | Loss: 0.2161 | Accuracy: 0.9237
2026-04-27 14:01:43,866 [INFO] Epoch 2/20 | Batch 100/606 | Loss: 0.1298 | Accuracy: 0.9300
2026-04-27 14:02:20,256 [INFO] Epoch 2/20 | Batch 150/606 | Loss: 0.1607 | Accuracy: 0.9285
2026-04-27 14:02:55,559 [INFO] Epoch 2/20 | Batch 200/606 | Loss: 0.1737 | Accuracy: 0.9319
2026-04-27 14:03:30,200 [INFO] Epoch 2/20 | Batch 250/606 | Loss: 0.1909 | Accuracy: 0.9321
2026-04-27 14:04:04,819 [INFO] Epoch 2/20 | Batch 300/606 | Loss: 0.1155 | Accuracy: 0.9332
2026-04-27 14:04:40,753 [INFO] Epoch 2/20 | Batch 350/606 | Loss: 0.2720 | Accuracy: 0.9346
2026-04-27 14:05:16,251 [INFO] Epoch 2/20 | Batch 400/606 | Loss: 0.1308 | Accuracy: 0.9343
2026-04-27 14:05:51,465 [INFO] Epoch 2/20 | Batch 450/606 | Loss: 0.1399 | Accuracy: 0.9365
2026-04-27 14:06:27,418 [INFO] Epoch 2/20 | Batch 500/606 | Loss: 0.1075 | Accuracy: 0.9373
2026-04-27 14:07:02,878 [INFO] Epoch 2/20 | Batch 550/606 | Loss: 0.1332 | Accuracy: 0.9380
2026-04-27 14:07:38,759 [INFO] Epoch 2/20 | Batch 600/606 | Loss: 0.2051 | Accuracy: 0.9390
2026-04-27 14:07:41,397 [INFO] Epoch 2/20 | Batch 606/606 | Loss: 0.2373 | Accuracy: 0.9390
2026-04-27 14:13:08,108 [INFO] Validation - Epoch [2/20] | Loss: 0.6255 | Accuracy: 0.8194 | F1 Score: 0.8204
2026-04-27 14:13:08,117 [INFO] Epoch 2 Train: Loss=0.2097 | Acc=0.94% — Val: Loss=0.6255 | Acc=0.82% | F1=0.8204 — lr: 0.000098
2026-04-27 14:13:08,118 [INFO] New best val loss: 0.6255
2026-04-27 14:13:08,571 [INFO] 
Epoch 3/20
2026-04-27 14:13:48,107 [INFO] Epoch 3/20 | Batch 50/606 | Loss: 0.1548 | Accuracy: 0.9469
2026-04-27 14:14:25,580 [INFO] Epoch 3/20 | Batch 100/606 | Loss: 0.0453 | Accuracy: 0.9534
2026-04-27 14:15:02,027 [INFO] Epoch 3/20 | Batch 150/606 | Loss: 0.1072 | Accuracy: 0.9542
2026-04-27 14:15:36,458 [INFO] Epoch 3/20 | Batch 200/606 | Loss: 0.1078 | Accuracy: 0.9542
2026-04-27 14:16:11,740 [INFO] Epoch 3/20 | Batch 250/606 | Loss: 0.2442 | Accuracy: 0.9556
2026-04-27 14:16:47,545 [INFO] Epoch 3/20 | Batch 300/606 | Loss: 0.0936 | Accuracy: 0.9568
2026-04-27 14:17:23,294 [INFO] Epoch 3/20 | Batch 350/606 | Loss: 0.1167 | Accuracy: 0.9571
2026-04-27 14:17:59,505 [INFO] Epoch 3/20 | Batch 400/606 | Loss: 0.2005 | Accuracy: 0.9562
2026-04-27 14:18:37,344 [INFO] Epoch 3/20 | Batch 450/606 | Loss: 0.1488 | Accuracy: 0.9560
2026-04-27 14:19:15,236 [INFO] Epoch 3/20 | Batch 500/606 | Loss: 0.0941 | Accuracy: 0.9564
2026-04-27 14:19:53,421 [INFO] Epoch 3/20 | Batch 550/606 | Loss: 0.0774 | Accuracy: 0.9566
2026-04-27 14:20:30,188 [INFO] Epoch 3/20 | Batch 600/606 | Loss: 0.1055 | Accuracy: 0.9571
2026-04-27 14:20:33,091 [INFO] Epoch 3/20 | Batch 606/606 | Loss: 0.6678 | Accuracy: 0.9571
2026-04-27 14:26:03,973 [INFO] Validation - Epoch [3/20] | Loss: 0.7588 | Accuracy: 0.7884 | F1 Score: 0.7912
2026-04-27 14:26:03,985 [INFO] Epoch 3 Train: Loss=0.1449 | Acc=0.96% — Val: Loss=0.7588 | Acc=0.79% | F1=0.7912 — lr: 0.000095
2026-04-27 14:26:04,200 [INFO] 
Epoch 4/20
2026-04-27 14:26:46,303 [INFO] Epoch 4/20 | Batch 50/606 | Loss: 0.0981 | Accuracy: 0.9625
2026-04-27 14:27:23,996 [INFO] Epoch 4/20 | Batch 100/606 | Loss: 0.1494 | Accuracy: 0.9644
2026-04-27 14:28:00,032 [INFO] Epoch 4/20 | Batch 150/606 | Loss: 0.0752 | Accuracy: 0.9685
2026-04-27 14:28:34,611 [INFO] Epoch 4/20 | Batch 200/606 | Loss: 0.2868 | Accuracy: 0.9680
2026-04-27 14:29:10,291 [INFO] Epoch 4/20 | Batch 250/606 | Loss: 0.0466 | Accuracy: 0.9685
2026-04-27 14:29:46,888 [INFO] Epoch 4/20 | Batch 300/606 | Loss: 0.0644 | Accuracy: 0.9678
2026-04-27 14:30:22,776 [INFO] Epoch 4/20 | Batch 350/606 | Loss: 0.0666 | Accuracy: 0.9677
2026-04-27 14:30:59,761 [INFO] Epoch 4/20 | Batch 400/606 | Loss: 0.0681 | Accuracy: 0.9674
2026-04-27 14:31:36,242 [INFO] Epoch 4/20 | Batch 450/606 | Loss: 0.0725 | Accuracy: 0.9675
2026-04-27 14:32:12,464 [INFO] Epoch 4/20 | Batch 500/606 | Loss: 0.0376 | Accuracy: 0.9680
2026-04-27 14:32:48,422 [INFO] Epoch 4/20 | Batch 550/606 | Loss: 0.1093 | Accuracy: 0.9690
2026-04-27 14:33:24,688 [INFO] Epoch 4/20 | Batch 600/606 | Loss: 0.1908 | Accuracy: 0.9694
2026-04-27 14:33:27,327 [INFO] Epoch 4/20 | Batch 606/606 | Loss: 0.3498 | Accuracy: 0.9695
2026-04-27 14:38:58,313 [INFO] Validation - Epoch [4/20] | Loss: 0.6816 | Accuracy: 0.8164 | F1 Score: 0.8165
2026-04-27 14:38:58,322 [INFO] Epoch 4 Train: Loss=0.1067 | Acc=0.97% — Val: Loss=0.6816 | Acc=0.82% | F1=0.8165 — lr: 0.000091
2026-04-27 14:38:58,515 [INFO] 
Epoch 5/20
2026-04-27 14:39:37,235 [INFO] Epoch 5/20 | Batch 50/606 | Loss: 0.0295 | Accuracy: 0.9675
2026-04-27 14:40:12,570 [INFO] Epoch 5/20 | Batch 100/606 | Loss: 0.1406 | Accuracy: 0.9716
2026-04-27 14:40:48,720 [INFO] Epoch 5/20 | Batch 150/606 | Loss: 0.0708 | Accuracy: 0.9754
2026-04-27 14:41:26,044 [INFO] Epoch 5/20 | Batch 200/606 | Loss: 0.0576 | Accuracy: 0.9767
2026-04-27 14:42:05,053 [INFO] Epoch 5/20 | Batch 250/606 | Loss: 0.1542 | Accuracy: 0.9772
2026-04-27 14:42:43,003 [INFO] Epoch 5/20 | Batch 300/606 | Loss: 0.1474 | Accuracy: 0.9783
2026-04-27 14:43:19,923 [INFO] Epoch 5/20 | Batch 350/606 | Loss: 0.0456 | Accuracy: 0.9795
2026-04-27 14:43:54,713 [INFO] Epoch 5/20 | Batch 400/606 | Loss: 0.0098 | Accuracy: 0.9796
2026-04-27 14:44:30,951 [INFO] Epoch 5/20 | Batch 450/606 | Loss: 0.0418 | Accuracy: 0.9798
2026-04-27 14:45:06,962 [INFO] Epoch 5/20 | Batch 500/606 | Loss: 0.1689 | Accuracy: 0.9794
2026-04-27 14:45:42,818 [INFO] Epoch 5/20 | Batch 550/606 | Loss: 0.0320 | Accuracy: 0.9800
2026-04-27 14:46:18,289 [INFO] Epoch 5/20 | Batch 600/606 | Loss: 0.0472 | Accuracy: 0.9798
2026-04-27 14:46:20,965 [INFO] Epoch 5/20 | Batch 606/606 | Loss: 0.0493 | Accuracy: 0.9799
2026-04-27 14:51:49,378 [INFO] Validation - Epoch [5/20] | Loss: 0.7845 | Accuracy: 0.7895 | F1 Score: 0.7864
2026-04-27 14:51:49,387 [INFO] Epoch 5 Train: Loss=0.0739 | Acc=0.98% — Val: Loss=0.7845 | Acc=0.79% | F1=0.7864 — lr: 0.000086
2026-04-27 14:51:49,561 [INFO] 
Epoch 6/20
2026-04-27 14:52:28,214 [INFO] Epoch 6/20 | Batch 50/606 | Loss: 0.1403 | Accuracy: 0.9838
2026-04-27 14:53:03,112 [INFO] Epoch 6/20 | Batch 100/606 | Loss: 0.1481 | Accuracy: 0.9850
2026-04-27 14:53:39,889 [INFO] Epoch 6/20 | Batch 150/606 | Loss: 0.0355 | Accuracy: 0.9854
2026-04-27 14:54:15,602 [INFO] Epoch 6/20 | Batch 200/606 | Loss: 0.0614 | Accuracy: 0.9845
2026-04-27 14:54:51,051 [INFO] Epoch 6/20 | Batch 250/606 | Loss: 0.0559 | Accuracy: 0.9845
2026-04-27 14:55:29,798 [INFO] Epoch 6/20 | Batch 300/606 | Loss: 0.0322 | Accuracy: 0.9843
2026-04-27 14:56:07,870 [INFO] Epoch 6/20 | Batch 350/606 | Loss: 0.0691 | Accuracy: 0.9838
2026-04-27 14:56:47,106 [INFO] Epoch 6/20 | Batch 400/606 | Loss: 0.0983 | Accuracy: 0.9836
2026-04-27 14:57:25,280 [INFO] Epoch 6/20 | Batch 450/606 | Loss: 0.1585 | Accuracy: 0.9830
2026-04-27 14:58:04,365 [INFO] Epoch 6/20 | Batch 500/606 | Loss: 0.1844 | Accuracy: 0.9829
2026-04-27 14:58:42,797 [INFO] Epoch 6/20 | Batch 550/606 | Loss: 0.0241 | Accuracy: 0.9830
2026-04-27 14:59:22,017 [INFO] Epoch 6/20 | Batch 600/606 | Loss: 0.0417 | Accuracy: 0.9831
2026-04-27 14:59:24,720 [INFO] Epoch 6/20 | Batch 606/606 | Loss: 0.1120 | Accuracy: 0.9830
2026-04-27 15:04:57,484 [INFO] Validation - Epoch [6/20] | Loss: 0.7506 | Accuracy: 0.8058 | F1 Score: 0.8057
2026-04-27 15:04:57,494 [INFO] Epoch 6 Train: Loss=0.0608 | Acc=0.98% — Val: Loss=0.7506 | Acc=0.81% | F1=0.8057 — lr: 0.000080
2026-04-27 15:04:57,700 [INFO] 
Epoch 7/20
2026-04-27 15:05:38,036 [INFO] Epoch 7/20 | Batch 50/606 | Loss: 0.0534 | Accuracy: 0.9812
2026-04-27 15:06:13,847 [INFO] Epoch 7/20 | Batch 100/606 | Loss: 0.0219 | Accuracy: 0.9866
2026-04-27 15:06:50,444 [INFO] Epoch 7/20 | Batch 150/606 | Loss: 0.0909 | Accuracy: 0.9862
2026-04-27 15:07:29,039 [INFO] Epoch 7/20 | Batch 200/606 | Loss: 0.0605 | Accuracy: 0.9862
2026-04-27 15:08:06,557 [INFO] Epoch 7/20 | Batch 250/606 | Loss: 0.0811 | Accuracy: 0.9858
2026-04-27 15:08:45,194 [INFO] Epoch 7/20 | Batch 300/606 | Loss: 0.1543 | Accuracy: 0.9853
2026-04-27 15:09:22,577 [INFO] Epoch 7/20 | Batch 350/606 | Loss: 0.0352 | Accuracy: 0.9854
2026-04-27 15:09:58,750 [INFO] Epoch 7/20 | Batch 400/606 | Loss: 0.1736 | Accuracy: 0.9857
2026-04-27 15:10:35,306 [INFO] Epoch 7/20 | Batch 450/606 | Loss: 0.0091 | Accuracy: 0.9858
2026-04-27 15:11:13,916 [INFO] Epoch 7/20 | Batch 500/606 | Loss: 0.0326 | Accuracy: 0.9859
2026-04-27 15:11:48,110 [INFO] Epoch 7/20 | Batch 550/606 | Loss: 0.0618 | Accuracy: 0.9856
2026-04-27 15:12:24,567 [INFO] Epoch 7/20 | Batch 600/606 | Loss: 0.0685 | Accuracy: 0.9849
2026-04-27 15:12:27,791 [INFO] Epoch 7/20 | Batch 606/606 | Loss: 0.2294 | Accuracy: 0.9848
2026-04-27 15:17:57,862 [INFO] Validation - Epoch [7/20] | Loss: 0.8050 | Accuracy: 0.8032 | F1 Score: 0.8022
2026-04-27 15:17:57,872 [INFO] Epoch 7 Train: Loss=0.0527 | Acc=0.98% — Val: Loss=0.8050 | Acc=0.80% | F1=0.8022 — lr: 0.000073
2026-04-27 15:17:58,070 [INFO] 
Epoch 8/20
2026-04-27 15:18:37,577 [INFO] Epoch 8/20 | Batch 50/606 | Loss: 0.0172 | Accuracy: 0.9938
2026-04-27 15:19:13,501 [INFO] Epoch 8/20 | Batch 100/606 | Loss: 0.0161 | Accuracy: 0.9925
2026-04-27 15:19:48,832 [INFO] Epoch 8/20 | Batch 150/606 | Loss: 0.0273 | Accuracy: 0.9923
2026-04-27 15:20:23,820 [INFO] Epoch 8/20 | Batch 200/606 | Loss: 0.0869 | Accuracy: 0.9917
2026-04-27 15:20:59,405 [INFO] Epoch 8/20 | Batch 250/606 | Loss: 0.0354 | Accuracy: 0.9901
2026-04-27 15:21:34,582 [INFO] Epoch 8/20 | Batch 300/606 | Loss: 0.0290 | Accuracy: 0.9895
2026-04-27 15:22:10,707 [INFO] Epoch 8/20 | Batch 350/606 | Loss: 0.0863 | Accuracy: 0.9895
2026-04-27 15:22:45,974 [INFO] Epoch 8/20 | Batch 400/606 | Loss: 0.0252 | Accuracy: 0.9895
2026-04-27 15:23:21,540 [INFO] Epoch 8/20 | Batch 450/606 | Loss: 0.0555 | Accuracy: 0.9894
2026-04-27 15:23:57,442 [INFO] Epoch 8/20 | Batch 500/606 | Loss: 0.0307 | Accuracy: 0.9895
2026-04-27 15:24:32,556 [INFO] Epoch 8/20 | Batch 550/606 | Loss: 0.0174 | Accuracy: 0.9896
2026-04-27 15:25:07,617 [INFO] Epoch 8/20 | Batch 600/606 | Loss: 0.1157 | Accuracy: 0.9896
2026-04-27 15:25:10,520 [INFO] Epoch 8/20 | Batch 606/606 | Loss: 0.3271 | Accuracy: 0.9896
2026-04-27 15:30:39,349 [INFO] Validation - Epoch [8/20] | Loss: 0.7399 | Accuracy: 0.8214 | F1 Score: 0.8187
2026-04-27 15:30:39,359 [INFO] Epoch 8 Train: Loss=0.0409 | Acc=0.99% — Val: Loss=0.7399 | Acc=0.82% | F1=0.8187 — lr: 0.000066
2026-04-27 15:30:39,539 [INFO] 
Epoch 9/20
2026-04-27 15:31:19,034 [INFO] Epoch 9/20 | Batch 50/606 | Loss: 0.0075 | Accuracy: 0.9925
2026-04-27 15:31:55,221 [INFO] Epoch 9/20 | Batch 100/606 | Loss: 0.0417 | Accuracy: 0.9909
2026-04-27 15:32:30,825 [INFO] Epoch 9/20 | Batch 150/606 | Loss: 0.0218 | Accuracy: 0.9904
2026-04-27 15:33:06,734 [INFO] Epoch 9/20 | Batch 200/606 | Loss: 0.0279 | Accuracy: 0.9911
2026-04-27 15:33:41,929 [INFO] Epoch 9/20 | Batch 250/606 | Loss: 0.0059 | Accuracy: 0.9906
2026-04-27 15:34:18,505 [INFO] Epoch 9/20 | Batch 300/606 | Loss: 0.0171 | Accuracy: 0.9912
2026-04-27 15:34:53,498 [INFO] Epoch 9/20 | Batch 350/606 | Loss: 0.0036 | Accuracy: 0.9905
2026-04-27 15:35:29,310 [INFO] Epoch 9/20 | Batch 400/606 | Loss: 0.0380 | Accuracy: 0.9905
2026-04-27 15:36:04,819 [INFO] Epoch 9/20 | Batch 450/606 | Loss: 0.0485 | Accuracy: 0.9901
2026-04-27 15:36:40,963 [INFO] Epoch 9/20 | Batch 500/606 | Loss: 0.0109 | Accuracy: 0.9899
2026-04-27 15:37:16,923 [INFO] Epoch 9/20 | Batch 550/606 | Loss: 0.0406 | Accuracy: 0.9895
2026-04-27 15:37:53,612 [INFO] Epoch 9/20 | Batch 600/606 | Loss: 0.0666 | Accuracy: 0.9894
2026-04-27 15:37:56,271 [INFO] Epoch 9/20 | Batch 606/606 | Loss: 0.2559 | Accuracy: 0.9894
2026-04-27 15:43:24,246 [INFO] Validation - Epoch [9/20] | Loss: 0.7442 | Accuracy: 0.8152 | F1 Score: 0.8140
2026-04-27 15:43:24,256 [INFO] Epoch 9 Train: Loss=0.0363 | Acc=0.99% — Val: Loss=0.7442 | Acc=0.82% | F1=0.8140 — lr: 0.000058
2026-04-27 15:43:24,436 [INFO] 
Epoch 10/20
2026-04-27 15:44:03,263 [INFO] Epoch 10/20 | Batch 50/606 | Loss: 0.0198 | Accuracy: 0.9906
2026-04-27 15:44:38,411 [INFO] Epoch 10/20 | Batch 100/606 | Loss: 0.0391 | Accuracy: 0.9906
2026-04-27 15:45:14,092 [INFO] Epoch 10/20 | Batch 150/606 | Loss: 0.0232 | Accuracy: 0.9900
2026-04-27 15:45:47,580 [INFO] Epoch 10/20 | Batch 200/606 | Loss: 0.0112 | Accuracy: 0.9892
2026-04-27 15:46:20,799 [INFO] Epoch 10/20 | Batch 250/606 | Loss: 0.0311 | Accuracy: 0.9899
2026-04-27 15:46:54,772 [INFO] Epoch 10/20 | Batch 300/606 | Loss: 0.0198 | Accuracy: 0.9904
2026-04-27 15:47:28,328 [INFO] Epoch 10/20 | Batch 350/606 | Loss: 0.0158 | Accuracy: 0.9909
2026-04-27 15:48:00,745 [INFO] Epoch 10/20 | Batch 400/606 | Loss: 0.1124 | Accuracy: 0.9909
2026-04-27 15:48:35,241 [INFO] Epoch 10/20 | Batch 450/606 | Loss: 0.0024 | Accuracy: 0.9910
2026-04-27 15:49:07,980 [INFO] Epoch 10/20 | Batch 500/606 | Loss: 0.0087 | Accuracy: 0.9913
2026-04-27 15:49:41,395 [INFO] Epoch 10/20 | Batch 550/606 | Loss: 0.0606 | Accuracy: 0.9912
2026-04-27 15:50:14,959 [INFO] Epoch 10/20 | Batch 600/606 | Loss: 0.0246 | Accuracy: 0.9909
2026-04-27 15:50:17,921 [INFO] Epoch 10/20 | Batch 606/606 | Loss: 0.3237 | Accuracy: 0.9907
2026-04-27 15:55:44,848 [INFO] Validation - Epoch [10/20] | Loss: 0.7089 | Accuracy: 0.8318 | F1 Score: 0.8327
2026-04-27 15:55:44,861 [INFO] Epoch 10 Train: Loss=0.0330 | Acc=0.99% — Val: Loss=0.7089 | Acc=0.83% | F1=0.8327 — lr: 0.000051
2026-04-27 15:55:45,030 [INFO] 
Epoch 11/20
2026-04-27 15:56:21,746 [INFO] Epoch 11/20 | Batch 50/606 | Loss: 0.0057 | Accuracy: 0.9956
2026-04-27 15:56:54,702 [INFO] Epoch 11/20 | Batch 100/606 | Loss: 0.0589 | Accuracy: 0.9944
2026-04-27 15:57:27,769 [INFO] Epoch 11/20 | Batch 150/606 | Loss: 0.0080 | Accuracy: 0.9942
2026-04-27 15:58:00,133 [INFO] Epoch 11/20 | Batch 200/606 | Loss: 0.0212 | Accuracy: 0.9930
2026-04-27 15:58:38,419 [INFO] Epoch 11/20 | Batch 250/606 | Loss: 0.0048 | Accuracy: 0.9929
2026-04-27 15:59:12,543 [INFO] Epoch 11/20 | Batch 300/606 | Loss: 0.0174 | Accuracy: 0.9929
2026-04-27 15:59:47,062 [INFO] Epoch 11/20 | Batch 350/606 | Loss: 0.0028 | Accuracy: 0.9934
2026-04-27 16:00:22,479 [INFO] Epoch 11/20 | Batch 400/606 | Loss: 0.0026 | Accuracy: 0.9930
2026-04-27 16:00:57,753 [INFO] Epoch 11/20 | Batch 450/606 | Loss: 0.0756 | Accuracy: 0.9924
2026-04-27 16:01:32,589 [INFO] Epoch 11/20 | Batch 500/606 | Loss: 0.0100 | Accuracy: 0.9923
2026-04-27 16:02:14,026 [INFO] Epoch 11/20 | Batch 550/606 | Loss: 0.0066 | Accuracy: 0.9922
2026-04-27 16:02:51,899 [INFO] Epoch 11/20 | Batch 600/606 | Loss: 0.0258 | Accuracy: 0.9923
2026-04-27 16:02:54,664 [INFO] Epoch 11/20 | Batch 606/606 | Loss: 0.0631 | Accuracy: 0.9923
2026-04-27 16:08:20,882 [INFO] Validation - Epoch [11/20] | Loss: 0.6922 | Accuracy: 0.8391 | F1 Score: 0.8394
2026-04-27 16:08:20,904 [INFO] Epoch 11 Train: Loss=0.0278 | Acc=0.99% — Val: Loss=0.6922 | Acc=0.84% | F1=0.8394 — lr: 0.000043
2026-04-27 16:08:21,121 [INFO] 
Epoch 12/20
2026-04-27 16:09:00,585 [INFO] Epoch 12/20 | Batch 50/606 | Loss: 0.0084 | Accuracy: 0.9925
2026-04-27 16:09:35,285 [INFO] Epoch 12/20 | Batch 100/606 | Loss: 0.0660 | Accuracy: 0.9922
2026-04-27 16:10:10,848 [INFO] Epoch 12/20 | Batch 150/606 | Loss: 0.0211 | Accuracy: 0.9929
2026-04-27 16:10:45,758 [INFO] Epoch 12/20 | Batch 200/606 | Loss: 0.0090 | Accuracy: 0.9931
2026-04-27 16:11:21,578 [INFO] Epoch 12/20 | Batch 250/606 | Loss: 0.0092 | Accuracy: 0.9932
2026-04-27 16:11:56,920 [INFO] Epoch 12/20 | Batch 300/606 | Loss: 0.0072 | Accuracy: 0.9933
2026-04-27 16:12:32,886 [INFO] Epoch 12/20 | Batch 350/606 | Loss: 0.0159 | Accuracy: 0.9936
2026-04-27 16:13:08,541 [INFO] Epoch 12/20 | Batch 400/606 | Loss: 0.0250 | Accuracy: 0.9932
2026-04-27 16:13:44,295 [INFO] Epoch 12/20 | Batch 450/606 | Loss: 0.0576 | Accuracy: 0.9930
2026-04-27 16:14:19,193 [INFO] Epoch 12/20 | Batch 500/606 | Loss: 0.0157 | Accuracy: 0.9931
2026-04-27 16:14:55,241 [INFO] Epoch 12/20 | Batch 550/606 | Loss: 0.0066 | Accuracy: 0.9936
2026-04-27 16:15:30,201 [INFO] Epoch 12/20 | Batch 600/606 | Loss: 0.0111 | Accuracy: 0.9938
2026-04-27 16:15:33,245 [INFO] Epoch 12/20 | Batch 606/606 | Loss: 1.0154 | Accuracy: 0.9936
2026-04-27 16:21:01,662 [INFO] Validation - Epoch [12/20] | Loss: 0.7611 | Accuracy: 0.8237 | F1 Score: 0.8239
2026-04-27 16:21:01,671 [INFO] Epoch 12 Train: Loss=0.0247 | Acc=0.99% — Val: Loss=0.7611 | Acc=0.82% | F1=0.8239 — lr: 0.000035
2026-04-27 16:21:01,874 [INFO] 
Epoch 13/20
2026-04-27 16:21:41,014 [INFO] Epoch 13/20 | Batch 50/606 | Loss: 0.0157 | Accuracy: 0.9950
2026-04-27 16:22:16,399 [INFO] Epoch 13/20 | Batch 100/606 | Loss: 0.0072 | Accuracy: 0.9947
2026-04-27 16:22:53,706 [INFO] Epoch 13/20 | Batch 150/606 | Loss: 0.0079 | Accuracy: 0.9942
2026-04-27 16:23:30,649 [INFO] Epoch 13/20 | Batch 200/606 | Loss: 0.0199 | Accuracy: 0.9948
2026-04-27 16:24:08,398 [INFO] Epoch 13/20 | Batch 250/606 | Loss: 0.0096 | Accuracy: 0.9949
2026-04-27 16:24:46,406 [INFO] Epoch 13/20 | Batch 300/606 | Loss: 0.0386 | Accuracy: 0.9950
2026-04-27 16:25:24,742 [INFO] Epoch 13/20 | Batch 350/606 | Loss: 0.0396 | Accuracy: 0.9949
2026-04-27 16:26:02,726 [INFO] Epoch 13/20 | Batch 400/606 | Loss: 0.0394 | Accuracy: 0.9945
2026-04-27 16:26:37,987 [INFO] Epoch 13/20 | Batch 450/606 | Loss: 0.0031 | Accuracy: 0.9946
2026-04-27 16:27:12,848 [INFO] Epoch 13/20 | Batch 500/606 | Loss: 0.0030 | Accuracy: 0.9948
2026-04-27 16:27:47,493 [INFO] Epoch 13/20 | Batch 550/606 | Loss: 0.0794 | Accuracy: 0.9947
2026-04-27 16:28:23,822 [INFO] Epoch 13/20 | Batch 600/606 | Loss: 0.0042 | Accuracy: 0.9947
2026-04-27 16:28:26,544 [INFO] Epoch 13/20 | Batch 606/606 | Loss: 0.0044 | Accuracy: 0.9948
2026-04-27 16:33:55,117 [INFO] Validation - Epoch [13/20] | Loss: 0.7417 | Accuracy: 0.8269 | F1 Score: 0.8262
2026-04-27 16:33:55,127 [INFO] Epoch 13 Train: Loss=0.0206 | Acc=0.99% — Val: Loss=0.7417 | Acc=0.83% | F1=0.8262 — lr: 0.000028
2026-04-27 16:33:55,336 [INFO] 
Epoch 14/20
2026-04-27 16:34:37,289 [INFO] Epoch 14/20 | Batch 50/606 | Loss: 0.0153 | Accuracy: 0.9938
2026-04-27 16:35:13,969 [INFO] Epoch 14/20 | Batch 100/606 | Loss: 0.0084 | Accuracy: 0.9934
2026-04-27 16:35:51,080 [INFO] Epoch 14/20 | Batch 150/606 | Loss: 0.0233 | Accuracy: 0.9946
2026-04-27 16:36:27,611 [INFO] Epoch 14/20 | Batch 200/606 | Loss: 0.0080 | Accuracy: 0.9952
2026-04-27 16:37:03,360 [INFO] Epoch 14/20 | Batch 250/606 | Loss: 0.0101 | Accuracy: 0.9958
2026-04-27 16:37:38,177 [INFO] Epoch 14/20 | Batch 300/606 | Loss: 0.0030 | Accuracy: 0.9959
2026-04-27 16:38:14,325 [INFO] Epoch 14/20 | Batch 350/606 | Loss: 0.0007 | Accuracy: 0.9954
2026-04-27 16:38:49,831 [INFO] Epoch 14/20 | Batch 400/606 | Loss: 0.0136 | Accuracy: 0.9951
2026-04-27 16:39:25,291 [INFO] Epoch 14/20 | Batch 450/606 | Loss: 0.0021 | Accuracy: 0.9950
2026-04-27 16:40:02,010 [INFO] Epoch 14/20 | Batch 500/606 | Loss: 0.0036 | Accuracy: 0.9950
2026-04-27 16:40:38,671 [INFO] Epoch 14/20 | Batch 550/606 | Loss: 0.0047 | Accuracy: 0.9952
2026-04-27 16:41:14,612 [INFO] Epoch 14/20 | Batch 600/606 | Loss: 0.0066 | Accuracy: 0.9951
2026-04-27 16:41:17,651 [INFO] Epoch 14/20 | Batch 606/606 | Loss: 0.1316 | Accuracy: 0.9951
2026-04-27 16:46:47,029 [INFO] Validation - Epoch [14/20] | Loss: 0.8495 | Accuracy: 0.8126 | F1 Score: 0.8112
2026-04-27 16:46:47,039 [INFO] Epoch 14 Train: Loss=0.0185 | Acc=1.00% — Val: Loss=0.8495 | Acc=0.81% | F1=0.8112 — lr: 0.000021
2026-04-27 16:46:47,248 [INFO] 
Epoch 15/20
2026-04-27 16:47:26,918 [INFO] Epoch 15/20 | Batch 50/606 | Loss: 0.0029 | Accuracy: 0.9988
2026-04-27 16:48:02,363 [INFO] Epoch 15/20 | Batch 100/606 | Loss: 0.0035 | Accuracy: 0.9984
2026-04-27 16:48:39,078 [INFO] Epoch 15/20 | Batch 150/606 | Loss: 0.0040 | Accuracy: 0.9979
2026-04-27 16:49:14,283 [INFO] Epoch 15/20 | Batch 200/606 | Loss: 0.0226 | Accuracy: 0.9967
2026-04-27 16:49:49,034 [INFO] Epoch 15/20 | Batch 250/606 | Loss: 0.0051 | Accuracy: 0.9970
2026-04-27 16:50:25,005 [INFO] Epoch 15/20 | Batch 300/606 | Loss: 0.0025 | Accuracy: 0.9967
2026-04-27 16:51:01,873 [INFO] Epoch 15/20 | Batch 350/606 | Loss: 0.0012 | Accuracy: 0.9968
2026-04-27 16:51:37,553 [INFO] Epoch 15/20 | Batch 400/606 | Loss: 0.0991 | Accuracy: 0.9966
2026-04-27 16:52:14,403 [INFO] Epoch 15/20 | Batch 450/606 | Loss: 0.0008 | Accuracy: 0.9967
2026-04-27 16:52:51,196 [INFO] Epoch 15/20 | Batch 500/606 | Loss: 0.0011 | Accuracy: 0.9968
2026-04-27 16:53:28,271 [INFO] Epoch 15/20 | Batch 550/606 | Loss: 0.0047 | Accuracy: 0.9969
2026-04-27 16:54:04,083 [INFO] Epoch 15/20 | Batch 600/606 | Loss: 0.0078 | Accuracy: 0.9969
2026-04-27 16:54:06,818 [INFO] Epoch 15/20 | Batch 606/606 | Loss: 1.9612 | Accuracy: 0.9968
2026-04-27 16:59:39,169 [INFO] Validation - Epoch [15/20] | Loss: 0.7890 | Accuracy: 0.8269 | F1 Score: 0.8274
2026-04-27 16:59:39,185 [INFO] Epoch 15 Train: Loss=0.0150 | Acc=1.00% — Val: Loss=0.7890 | Acc=0.83% | F1=0.8274 — lr: 0.000015
2026-04-27 16:59:39,395 [INFO] 
Epoch 16/20
2026-04-27 17:00:19,871 [INFO] Epoch 16/20 | Batch 50/606 | Loss: 0.0110 | Accuracy: 0.9950
2026-04-27 17:00:56,272 [INFO] Epoch 16/20 | Batch 100/606 | Loss: 0.0083 | Accuracy: 0.9959
2026-04-27 17:01:32,246 [INFO] Epoch 16/20 | Batch 150/606 | Loss: 0.0292 | Accuracy: 0.9962
2026-04-27 17:02:08,373 [INFO] Epoch 16/20 | Batch 200/606 | Loss: 0.0123 | Accuracy: 0.9966
2026-04-27 17:02:44,844 [INFO] Epoch 16/20 | Batch 250/606 | Loss: 0.0047 | Accuracy: 0.9968
2026-04-27 17:03:21,356 [INFO] Epoch 16/20 | Batch 300/606 | Loss: 0.0019 | Accuracy: 0.9970
2026-04-27 17:03:58,104 [INFO] Epoch 16/20 | Batch 350/606 | Loss: 0.0036 | Accuracy: 0.9967
2026-04-27 17:04:33,954 [INFO] Epoch 16/20 | Batch 400/606 | Loss: 0.0071 | Accuracy: 0.9968
2026-04-27 17:05:10,516 [INFO] Epoch 16/20 | Batch 450/606 | Loss: 0.0116 | Accuracy: 0.9968
2026-04-27 17:05:45,957 [INFO] Epoch 16/20 | Batch 500/606 | Loss: 0.0037 | Accuracy: 0.9969
2026-04-27 17:06:22,035 [INFO] Epoch 16/20 | Batch 550/606 | Loss: 0.0054 | Accuracy: 0.9969
2026-04-27 17:06:58,199 [INFO] Epoch 16/20 | Batch 600/606 | Loss: 0.0043 | Accuracy: 0.9970
2026-04-27 17:07:00,953 [INFO] Epoch 16/20 | Batch 606/606 | Loss: 0.1354 | Accuracy: 0.9970
2026-04-27 17:12:30,372 [INFO] Validation - Epoch [16/20] | Loss: 0.8158 | Accuracy: 0.8199 | F1 Score: 0.8196
2026-04-27 17:12:30,400 [INFO] Epoch 16 Train: Loss=0.0128 | Acc=1.00% — Val: Loss=0.8158 | Acc=0.82% | F1=0.8196 — lr: 0.000010
2026-04-27 17:12:30,629 [INFO] 
Epoch 17/20
2026-04-27 17:13:11,583 [INFO] Epoch 17/20 | Batch 50/606 | Loss: 0.0023 | Accuracy: 0.9994
