2026-04-24 17:15:52,953 [INFO] Device: cuda:0 | GPUs: 2 | Seed: 131 | Experiment: B1_NoRelations | Version: 0
2026-04-24 17:15:52,954 [INFO] Experiment dir: experiments/B1_NoRelations_20260424_171552
2026-04-24 17:15:57,721 [INFO] Train: 19368 samples | Val: 12069 samples
2026-04-24 17:15:57,722 [INFO] Batch: 16 × 2 GPUs = 32 | Accum: 2
2026-04-24 17:15:58,495 [INFO] Using nn.DataParallel on 2 GPUs
2026-04-24 17:15:58,496 [INFO] Parameters: 296,456 trainable
2026-04-24 17:15:58,497 [INFO] 
Epoch 1/20
2026-04-24 17:16:38,860 [INFO] Epoch 1/20 | Batch 50/606 | Loss: 1.8121 | Accuracy: 0.2281
2026-04-24 17:17:14,838 [INFO] Epoch 1/20 | Batch 100/606 | Loss: 1.5097 | Accuracy: 0.3728
2026-04-24 17:17:51,564 [INFO] Epoch 1/20 | Batch 150/606 | Loss: 1.1600 | Accuracy: 0.4498
2026-04-24 17:18:26,077 [INFO] Epoch 1/20 | Batch 200/606 | Loss: 1.2182 | Accuracy: 0.5152
2026-04-24 17:18:59,766 [INFO] Epoch 1/20 | Batch 250/606 | Loss: 0.8357 | Accuracy: 0.5629
2026-04-24 17:19:34,845 [INFO] Epoch 1/20 | Batch 300/606 | Loss: 1.0062 | Accuracy: 0.5945
2026-04-24 17:20:09,526 [INFO] Epoch 1/20 | Batch 350/606 | Loss: 0.9014 | Accuracy: 0.6221
2026-04-24 17:20:43,907 [INFO] Epoch 1/20 | Batch 400/606 | Loss: 0.8419 | Accuracy: 0.6415
2026-04-24 17:21:18,577 [INFO] Epoch 1/20 | Batch 450/606 | Loss: 0.8070 | Accuracy: 0.6577
2026-04-24 17:21:53,501 [INFO] Epoch 1/20 | Batch 500/606 | Loss: 0.9631 | Accuracy: 0.6720
2026-04-24 17:22:26,812 [INFO] Epoch 1/20 | Batch 550/606 | Loss: 0.6262 | Accuracy: 0.6846
2026-04-24 17:23:01,485 [INFO] Epoch 1/20 | Batch 600/606 | Loss: 0.6009 | Accuracy: 0.6963
2026-04-24 17:23:04,417 [INFO] Epoch 1/20 | Batch 606/606 | Loss: 0.7134 | Accuracy: 0.6970
2026-04-24 17:28:11,502 [INFO] Validation - Epoch [1/20] | Loss: 0.7620 | Accuracy: 0.8107 | F1 Score: 0.8097
2026-04-24 17:28:11,511 [INFO] Epoch 1 Train: Loss=1.0738 | Acc=0.70% — Val: Loss=0.7620 | Acc=0.81% | F1=0.8097 — lr: 0.000099
2026-04-24 17:28:11,512 [INFO] New best val loss: 0.7620
2026-04-24 17:28:11,791 [INFO] 
Epoch 2/20
2026-04-24 17:28:49,481 [INFO] Epoch 2/20 | Batch 50/606 | Loss: 0.6801 | Accuracy: 0.8400
2026-04-24 17:29:24,276 [INFO] Epoch 2/20 | Batch 100/606 | Loss: 0.8067 | Accuracy: 0.8353
2026-04-24 17:29:59,826 [INFO] Epoch 2/20 | Batch 150/606 | Loss: 0.6371 | Accuracy: 0.8313
2026-04-24 17:30:34,198 [INFO] Epoch 2/20 | Batch 200/606 | Loss: 0.4761 | Accuracy: 0.8286
2026-04-24 17:31:09,813 [INFO] Epoch 2/20 | Batch 250/606 | Loss: 0.7598 | Accuracy: 0.8326
2026-04-24 17:31:44,535 [INFO] Epoch 2/20 | Batch 300/606 | Loss: 0.5840 | Accuracy: 0.8319
2026-04-24 17:32:19,884 [INFO] Epoch 2/20 | Batch 350/606 | Loss: 0.6771 | Accuracy: 0.8348
2026-04-24 17:32:54,625 [INFO] Epoch 2/20 | Batch 400/606 | Loss: 0.5858 | Accuracy: 0.8367
2026-04-24 17:33:29,906 [INFO] Epoch 2/20 | Batch 450/606 | Loss: 0.4037 | Accuracy: 0.8376
2026-04-24 17:34:04,819 [INFO] Epoch 2/20 | Batch 500/606 | Loss: 0.4783 | Accuracy: 0.8405
2026-04-24 17:34:40,359 [INFO] Epoch 2/20 | Batch 550/606 | Loss: 0.4750 | Accuracy: 0.8418
2026-04-24 17:35:15,252 [INFO] Epoch 2/20 | Batch 600/606 | Loss: 0.4649 | Accuracy: 0.8453
2026-04-24 17:35:18,059 [INFO] Epoch 2/20 | Batch 606/606 | Loss: 0.4290 | Accuracy: 0.8452
2026-04-24 17:40:24,717 [INFO] Validation - Epoch [2/20] | Loss: 0.6098 | Accuracy: 0.8335 | F1 Score: 0.8335
2026-04-24 17:40:24,725 [INFO] Epoch 2 Train: Loss=0.6147 | Acc=0.85% — Val: Loss=0.6098 | Acc=0.83% | F1=0.8335 — lr: 0.000098
2026-04-24 17:40:24,726 [INFO] New best val loss: 0.6098
2026-04-24 17:40:25,107 [INFO] 
Epoch 3/20
2026-04-24 17:41:02,843 [INFO] Epoch 3/20 | Batch 50/606 | Loss: 0.6573 | Accuracy: 0.8606
2026-04-24 17:41:37,661 [INFO] Epoch 3/20 | Batch 100/606 | Loss: 0.6984 | Accuracy: 0.8612
2026-04-24 17:42:11,952 [INFO] Epoch 3/20 | Batch 150/606 | Loss: 0.5320 | Accuracy: 0.8627
2026-04-24 17:42:46,914 [INFO] Epoch 3/20 | Batch 200/606 | Loss: 0.3988 | Accuracy: 0.8636
2026-04-24 17:43:21,180 [INFO] Epoch 3/20 | Batch 250/606 | Loss: 0.5747 | Accuracy: 0.8654
2026-04-24 17:43:55,326 [INFO] Epoch 3/20 | Batch 300/606 | Loss: 0.5197 | Accuracy: 0.8662
2026-04-24 17:44:29,608 [INFO] Epoch 3/20 | Batch 350/606 | Loss: 0.3587 | Accuracy: 0.8683
2026-04-24 17:45:04,014 [INFO] Epoch 3/20 | Batch 400/606 | Loss: 0.4691 | Accuracy: 0.8714
2026-04-24 17:45:37,956 [INFO] Epoch 3/20 | Batch 450/606 | Loss: 0.4570 | Accuracy: 0.8735
2026-04-24 17:46:11,771 [INFO] Epoch 3/20 | Batch 500/606 | Loss: 0.3904 | Accuracy: 0.8744
2026-04-24 17:46:45,283 [INFO] Epoch 3/20 | Batch 550/606 | Loss: 0.2729 | Accuracy: 0.8759
2026-04-24 17:47:19,647 [INFO] Epoch 3/20 | Batch 600/606 | Loss: 0.5826 | Accuracy: 0.8767
2026-04-24 17:47:22,204 [INFO] Epoch 3/20 | Batch 606/606 | Loss: 0.2242 | Accuracy: 0.8772
2026-04-24 17:52:27,887 [INFO] Validation - Epoch [3/20] | Loss: 0.5603 | Accuracy: 0.8380 | F1 Score: 0.8378
2026-04-24 17:52:27,896 [INFO] Epoch 3 Train: Loss=0.4749 | Acc=0.88% — Val: Loss=0.5603 | Acc=0.84% | F1=0.8378 — lr: 0.000095
2026-04-24 17:52:27,897 [INFO] New best val loss: 0.5603
2026-04-24 17:52:28,268 [INFO] 
Epoch 4/20
2026-04-24 17:53:05,804 [INFO] Epoch 4/20 | Batch 50/606 | Loss: 0.3761 | Accuracy: 0.8994
2026-04-24 17:53:39,866 [INFO] Epoch 4/20 | Batch 100/606 | Loss: 0.4926 | Accuracy: 0.8950
2026-04-24 17:54:15,315 [INFO] Epoch 4/20 | Batch 150/606 | Loss: 0.4075 | Accuracy: 0.8996
2026-04-24 17:54:49,417 [INFO] Epoch 4/20 | Batch 200/606 | Loss: 0.3096 | Accuracy: 0.8989
2026-04-24 17:55:23,008 [INFO] Epoch 4/20 | Batch 250/606 | Loss: 0.3081 | Accuracy: 0.8989
2026-04-24 17:55:58,041 [INFO] Epoch 4/20 | Batch 300/606 | Loss: 0.1948 | Accuracy: 0.8971
2026-04-24 17:56:32,248 [INFO] Epoch 4/20 | Batch 350/606 | Loss: 0.5205 | Accuracy: 0.8982
2026-04-24 17:57:06,836 [INFO] Epoch 4/20 | Batch 400/606 | Loss: 0.2750 | Accuracy: 0.8980
2026-04-24 17:57:40,780 [INFO] Epoch 4/20 | Batch 450/606 | Loss: 0.4340 | Accuracy: 0.8972
2026-04-24 17:58:17,085 [INFO] Epoch 4/20 | Batch 500/606 | Loss: 0.4208 | Accuracy: 0.8984
2026-04-24 17:58:51,599 [INFO] Epoch 4/20 | Batch 550/606 | Loss: 0.1321 | Accuracy: 0.8985
2026-04-24 17:59:25,582 [INFO] Epoch 4/20 | Batch 600/606 | Loss: 0.3158 | Accuracy: 0.8996
2026-04-24 17:59:28,053 [INFO] Epoch 4/20 | Batch 606/606 | Loss: 0.6523 | Accuracy: 0.8994
2026-04-24 18:04:36,146 [INFO] Validation - Epoch [4/20] | Loss: 0.5559 | Accuracy: 0.8329 | F1 Score: 0.8339
2026-04-24 18:04:36,155 [INFO] Epoch 4 Train: Loss=0.3869 | Acc=0.90% — Val: Loss=0.5559 | Acc=0.83% | F1=0.8339 — lr: 0.000091
2026-04-24 18:04:36,156 [INFO] New best val loss: 0.5559
2026-04-24 18:04:36,518 [INFO] 
Epoch 5/20
2026-04-24 18:05:14,324 [INFO] Epoch 5/20 | Batch 50/606 | Loss: 0.2350 | Accuracy: 0.9156
2026-04-24 18:05:49,030 [INFO] Epoch 5/20 | Batch 100/606 | Loss: 0.2106 | Accuracy: 0.9166
2026-04-24 18:06:23,605 [INFO] Epoch 5/20 | Batch 150/606 | Loss: 0.2498 | Accuracy: 0.9115
2026-04-24 18:06:57,660 [INFO] Epoch 5/20 | Batch 200/606 | Loss: 0.3283 | Accuracy: 0.9134
2026-04-24 18:07:32,266 [INFO] Epoch 5/20 | Batch 250/606 | Loss: 0.1400 | Accuracy: 0.9139
2026-04-24 18:08:06,982 [INFO] Epoch 5/20 | Batch 300/606 | Loss: 0.3203 | Accuracy: 0.9149
2026-04-24 18:08:41,607 [INFO] Epoch 5/20 | Batch 350/606 | Loss: 0.2602 | Accuracy: 0.9133
2026-04-24 18:09:15,212 [INFO] Epoch 5/20 | Batch 400/606 | Loss: 0.2691 | Accuracy: 0.9141
2026-04-24 18:09:50,699 [INFO] Epoch 5/20 | Batch 450/606 | Loss: 0.2441 | Accuracy: 0.9133
2026-04-24 18:10:26,781 [INFO] Epoch 5/20 | Batch 500/606 | Loss: 0.4026 | Accuracy: 0.9134
2026-04-24 18:11:03,154 [INFO] Epoch 5/20 | Batch 550/606 | Loss: 0.3876 | Accuracy: 0.9141
2026-04-24 18:11:37,506 [INFO] Epoch 5/20 | Batch 600/606 | Loss: 0.4825 | Accuracy: 0.9154
2026-04-24 18:11:40,403 [INFO] Epoch 5/20 | Batch 606/606 | Loss: 0.3940 | Accuracy: 0.9153
2026-04-24 18:16:46,729 [INFO] Validation - Epoch [5/20] | Loss: 0.5515 | Accuracy: 0.8321 | F1 Score: 0.8317
2026-04-24 18:16:46,737 [INFO] Epoch 5 Train: Loss=0.3222 | Acc=0.92% — Val: Loss=0.5515 | Acc=0.83% | F1=0.8317 — lr: 0.000086
2026-04-24 18:16:46,738 [INFO] New best val loss: 0.5515
2026-04-24 18:16:47,085 [INFO] 
Epoch 6/20
2026-04-24 18:17:25,032 [INFO] Epoch 6/20 | Batch 50/606 | Loss: 0.2273 | Accuracy: 0.9187
2026-04-24 18:17:59,647 [INFO] Epoch 6/20 | Batch 100/606 | Loss: 0.2090 | Accuracy: 0.9234
2026-04-24 18:18:34,130 [INFO] Epoch 6/20 | Batch 150/606 | Loss: 0.1197 | Accuracy: 0.9252
2026-04-24 18:19:08,046 [INFO] Epoch 6/20 | Batch 200/606 | Loss: 0.2122 | Accuracy: 0.9256
2026-04-24 18:19:43,278 [INFO] Epoch 6/20 | Batch 250/606 | Loss: 0.1923 | Accuracy: 0.9276
2026-04-24 18:20:18,418 [INFO] Epoch 6/20 | Batch 300/606 | Loss: 0.4017 | Accuracy: 0.9287
2026-04-24 18:20:52,590 [INFO] Epoch 6/20 | Batch 350/606 | Loss: 0.1458 | Accuracy: 0.9287
2026-04-24 18:21:26,517 [INFO] Epoch 6/20 | Batch 400/606 | Loss: 0.3790 | Accuracy: 0.9288
2026-04-24 18:22:00,718 [INFO] Epoch 6/20 | Batch 450/606 | Loss: 0.2737 | Accuracy: 0.9292
2026-04-24 18:22:35,378 [INFO] Epoch 6/20 | Batch 500/606 | Loss: 0.1764 | Accuracy: 0.9291
2026-04-24 18:23:08,710 [INFO] Epoch 6/20 | Batch 550/606 | Loss: 0.3320 | Accuracy: 0.9306
2026-04-24 18:23:43,267 [INFO] Epoch 6/20 | Batch 600/606 | Loss: 0.1693 | Accuracy: 0.9304
2026-04-24 18:23:46,297 [INFO] Epoch 6/20 | Batch 606/606 | Loss: 1.6586 | Accuracy: 0.9303
2026-04-24 18:28:56,840 [INFO] Validation - Epoch [6/20] | Loss: 0.5967 | Accuracy: 0.8137 | F1 Score: 0.8118
2026-04-24 18:28:56,849 [INFO] Epoch 6 Train: Loss=0.2721 | Acc=0.93% — Val: Loss=0.5967 | Acc=0.81% | F1=0.8118 — lr: 0.000080
2026-04-24 18:28:57,000 [INFO] 
Epoch 7/20
2026-04-24 18:29:36,899 [INFO] Epoch 7/20 | Batch 50/606 | Loss: 0.5213 | Accuracy: 0.9269
2026-04-24 18:30:12,719 [INFO] Epoch 7/20 | Batch 100/606 | Loss: 0.1780 | Accuracy: 0.9325
2026-04-24 18:30:49,512 [INFO] Epoch 7/20 | Batch 150/606 | Loss: 0.2599 | Accuracy: 0.9365
2026-04-24 18:31:24,666 [INFO] Epoch 7/20 | Batch 200/606 | Loss: 0.2383 | Accuracy: 0.9370
2026-04-24 18:32:00,564 [INFO] Epoch 7/20 | Batch 250/606 | Loss: 0.1386 | Accuracy: 0.9367
2026-04-24 18:32:37,466 [INFO] Epoch 7/20 | Batch 300/606 | Loss: 0.3471 | Accuracy: 0.9356
2026-04-24 18:33:12,384 [INFO] Epoch 7/20 | Batch 350/606 | Loss: 0.1637 | Accuracy: 0.9350
2026-04-24 18:33:48,066 [INFO] Epoch 7/20 | Batch 400/606 | Loss: 0.1160 | Accuracy: 0.9352
2026-04-24 18:34:24,685 [INFO] Epoch 7/20 | Batch 450/606 | Loss: 0.1501 | Accuracy: 0.9349
2026-04-24 18:35:00,611 [INFO] Epoch 7/20 | Batch 500/606 | Loss: 0.3808 | Accuracy: 0.9349
2026-04-24 18:35:36,272 [INFO] Epoch 7/20 | Batch 550/606 | Loss: 0.2065 | Accuracy: 0.9367
2026-04-24 18:36:12,144 [INFO] Epoch 7/20 | Batch 600/606 | Loss: 0.2262 | Accuracy: 0.9361
2026-04-24 18:36:14,647 [INFO] Epoch 7/20 | Batch 606/606 | Loss: 0.5161 | Accuracy: 0.9362
2026-04-24 18:41:23,961 [INFO] Validation - Epoch [7/20] | Loss: 0.5658 | Accuracy: 0.8251 | F1 Score: 0.8249
2026-04-24 18:41:23,970 [INFO] Epoch 7 Train: Loss=0.2408 | Acc=0.94% — Val: Loss=0.5658 | Acc=0.83% | F1=0.8249 — lr: 0.000073
2026-04-24 18:41:24,116 [INFO] 
Epoch 8/20
2026-04-24 18:42:03,241 [INFO] Epoch 8/20 | Batch 50/606 | Loss: 0.1787 | Accuracy: 0.9531
2026-04-24 18:42:38,073 [INFO] Epoch 8/20 | Batch 100/606 | Loss: 0.1469 | Accuracy: 0.9500
2026-04-24 18:43:13,593 [INFO] Epoch 8/20 | Batch 150/606 | Loss: 0.2757 | Accuracy: 0.9519
2026-04-24 18:43:48,570 [INFO] Epoch 8/20 | Batch 200/606 | Loss: 0.2473 | Accuracy: 0.9492
2026-04-24 18:44:23,820 [INFO] Epoch 8/20 | Batch 250/606 | Loss: 0.0808 | Accuracy: 0.9493
2026-04-24 18:44:58,796 [INFO] Epoch 8/20 | Batch 300/606 | Loss: 0.2391 | Accuracy: 0.9487
2026-04-24 18:45:34,542 [INFO] Epoch 8/20 | Batch 350/606 | Loss: 0.2233 | Accuracy: 0.9480
2026-04-24 18:46:08,818 [INFO] Epoch 8/20 | Batch 400/606 | Loss: 0.2459 | Accuracy: 0.9470
2026-04-24 18:46:43,035 [INFO] Epoch 8/20 | Batch 450/606 | Loss: 0.2022 | Accuracy: 0.9456
2026-04-24 18:47:17,594 [INFO] Epoch 8/20 | Batch 500/606 | Loss: 0.1590 | Accuracy: 0.9459
2026-04-24 18:47:52,456 [INFO] Epoch 8/20 | Batch 550/606 | Loss: 0.2056 | Accuracy: 0.9447
2026-04-24 18:48:26,634 [INFO] Epoch 8/20 | Batch 600/606 | Loss: 0.1068 | Accuracy: 0.9450
2026-04-24 18:48:29,120 [INFO] Epoch 8/20 | Batch 606/606 | Loss: 0.5741 | Accuracy: 0.9450
2026-04-24 18:53:39,867 [INFO] Validation - Epoch [8/20] | Loss: 0.6224 | Accuracy: 0.8073 | F1 Score: 0.8061
2026-04-24 18:53:39,876 [INFO] Epoch 8 Train: Loss=0.2081 | Acc=0.95% — Val: Loss=0.6224 | Acc=0.81% | F1=0.8061 — lr: 0.000066
2026-04-24 18:53:40,025 [INFO] 
Epoch 9/20
2026-04-24 18:54:20,781 [INFO] Epoch 9/20 | Batch 50/606 | Loss: 0.1309 | Accuracy: 0.9513
2026-04-24 18:54:56,879 [INFO] Epoch 9/20 | Batch 100/606 | Loss: 0.1623 | Accuracy: 0.9522
2026-04-24 18:55:33,061 [INFO] Epoch 9/20 | Batch 150/606 | Loss: 0.2561 | Accuracy: 0.9550
2026-04-24 18:56:09,108 [INFO] Epoch 9/20 | Batch 200/606 | Loss: 0.2217 | Accuracy: 0.9537
2026-04-24 18:56:44,544 [INFO] Epoch 9/20 | Batch 250/606 | Loss: 0.1165 | Accuracy: 0.9531
2026-04-24 18:57:19,459 [INFO] Epoch 9/20 | Batch 300/606 | Loss: 0.1646 | Accuracy: 0.9524
2026-04-24 18:57:55,735 [INFO] Epoch 9/20 | Batch 350/606 | Loss: 0.0766 | Accuracy: 0.9528
2026-04-24 18:58:30,730 [INFO] Epoch 9/20 | Batch 400/606 | Loss: 0.1396 | Accuracy: 0.9545
2026-04-24 18:59:06,480 [INFO] Epoch 9/20 | Batch 450/606 | Loss: 0.1294 | Accuracy: 0.9551
2026-04-24 18:59:41,518 [INFO] Epoch 9/20 | Batch 500/606 | Loss: 0.1220 | Accuracy: 0.9544
2026-04-24 19:00:17,485 [INFO] Epoch 9/20 | Batch 550/606 | Loss: 0.0708 | Accuracy: 0.9547
2026-04-24 19:00:52,297 [INFO] Epoch 9/20 | Batch 600/606 | Loss: 0.2877 | Accuracy: 0.9553
2026-04-24 19:00:56,674 [INFO] Epoch 9/20 | Batch 606/606 | Loss: 0.4285 | Accuracy: 0.9551
2026-04-24 19:06:03,531 [INFO] Validation - Epoch [9/20] | Loss: 0.6114 | Accuracy: 0.8167 | F1 Score: 0.8158
2026-04-24 19:06:03,539 [INFO] Epoch 9 Train: Loss=0.1782 | Acc=0.96% — Val: Loss=0.6114 | Acc=0.82% | F1=0.8158 — lr: 0.000058
2026-04-24 19:06:03,682 [INFO] 
Epoch 10/20
2026-04-24 19:06:40,942 [INFO] Epoch 10/20 | Batch 50/606 | Loss: 0.1061 | Accuracy: 0.9544
2026-04-24 19:07:14,878 [INFO] Epoch 10/20 | Batch 100/606 | Loss: 0.1819 | Accuracy: 0.9513
2026-04-24 19:07:48,464 [INFO] Epoch 10/20 | Batch 150/606 | Loss: 0.2050 | Accuracy: 0.9546
2026-04-24 19:08:23,899 [INFO] Epoch 10/20 | Batch 200/606 | Loss: 0.1500 | Accuracy: 0.9544
2026-04-24 19:08:58,485 [INFO] Epoch 10/20 | Batch 250/606 | Loss: 0.2009 | Accuracy: 0.9561
2026-04-24 19:09:34,633 [INFO] Epoch 10/20 | Batch 300/606 | Loss: 0.0906 | Accuracy: 0.9569
2026-04-24 19:10:11,207 [INFO] Epoch 10/20 | Batch 350/606 | Loss: 0.1455 | Accuracy: 0.9564
2026-04-24 19:10:48,926 [INFO] Epoch 10/20 | Batch 400/606 | Loss: 0.1579 | Accuracy: 0.9562
2026-04-24 19:11:28,236 [INFO] Epoch 10/20 | Batch 450/606 | Loss: 0.0796 | Accuracy: 0.9556
2026-04-24 19:12:06,894 [INFO] Epoch 10/20 | Batch 500/606 | Loss: 0.2198 | Accuracy: 0.9559
2026-04-24 19:12:45,594 [INFO] Epoch 10/20 | Batch 550/606 | Loss: 0.1397 | Accuracy: 0.9564
2026-04-24 19:13:23,279 [INFO] Epoch 10/20 | Batch 600/606 | Loss: 0.1129 | Accuracy: 0.9560
2026-04-24 19:13:26,279 [INFO] Epoch 10/20 | Batch 606/606 | Loss: 0.6346 | Accuracy: 0.9562
2026-04-24 19:18:40,886 [INFO] Validation - Epoch [10/20] | Loss: 0.6351 | Accuracy: 0.8071 | F1 Score: 0.8071
2026-04-24 19:18:40,898 [INFO] Epoch 10 Train: Loss=0.1670 | Acc=0.96% — Val: Loss=0.6351 | Acc=0.81% | F1=0.8071 — lr: 0.000051
2026-04-24 19:18:41,039 [INFO] 
Epoch 11/20
