2026-04-25 13:36:02,509 [INFO] Device: cuda:0 | GPUs: 2 | Seed: 131 | Experiment: B6_RCRG_3R_421C | Version: 1
2026-04-25 13:36:02,510 [INFO] Experiment dir: experiments/B6_RCRG_3R_421C_20260425_133602
2026-04-25 13:36:05,513 [INFO] Train: 19368 samples | Val: 12069 samples
2026-04-25 13:36:05,514 [INFO] Batch: 16 × 2 GPUs = 32 | Accum: 2
2026-04-25 13:36:07,310 [INFO] Using nn.DataParallel on 2 GPUs
2026-04-25 13:36:07,311 [INFO] Parameters: 2,787,784 trainable
2026-04-25 13:36:07,312 [INFO] 
Epoch 1/20
2026-04-25 13:36:44,310 [INFO] Epoch 1/20 | Batch 50/606 | Loss: 1.3002 | Accuracy: 0.4738
2026-04-25 13:37:18,667 [INFO] Epoch 1/20 | Batch 100/606 | Loss: 1.0680 | Accuracy: 0.5859
2026-04-25 13:37:53,194 [INFO] Epoch 1/20 | Batch 150/606 | Loss: 1.0433 | Accuracy: 0.6496
2026-04-25 13:38:27,397 [INFO] Epoch 1/20 | Batch 200/606 | Loss: 1.0176 | Accuracy: 0.6927
2026-04-25 13:39:02,375 [INFO] Epoch 1/20 | Batch 250/606 | Loss: 1.0297 | Accuracy: 0.7224
2026-04-25 13:39:36,791 [INFO] Epoch 1/20 | Batch 300/606 | Loss: 0.6729 | Accuracy: 0.7431
2026-04-25 13:40:11,920 [INFO] Epoch 1/20 | Batch 350/606 | Loss: 0.6524 | Accuracy: 0.7600
2026-04-25 13:40:46,040 [INFO] Epoch 1/20 | Batch 400/606 | Loss: 0.9170 | Accuracy: 0.7748
2026-04-25 13:41:20,748 [INFO] Epoch 1/20 | Batch 450/606 | Loss: 0.7537 | Accuracy: 0.7858
2026-04-25 13:41:54,928 [INFO] Epoch 1/20 | Batch 500/606 | Loss: 0.5304 | Accuracy: 0.7964
2026-04-25 13:42:29,778 [INFO] Epoch 1/20 | Batch 550/606 | Loss: 0.7042 | Accuracy: 0.8049
2026-04-25 13:43:03,685 [INFO] Epoch 1/20 | Batch 600/606 | Loss: 0.6022 | Accuracy: 0.8129
2026-04-25 13:43:06,332 [INFO] Epoch 1/20 | Batch 606/606 | Loss: 0.7723 | Accuracy: 0.8137
2026-04-25 13:48:04,871 [INFO] Validation - Epoch [1/20] | Loss: 0.7248 | Accuracy: 0.8252 | F1 Score: 0.8243
2026-04-25 13:48:04,879 [INFO] Epoch 1 Train: Loss=0.8790 | Acc=0.81% — Val: Loss=0.7248 | Acc=0.83% | F1=0.8243 — lr: 0.000099
2026-04-25 13:48:04,881 [INFO] New best val loss: 0.7248
2026-04-25 13:48:05,242 [INFO] 
Epoch 2/20
2026-04-25 13:48:41,626 [INFO] Epoch 2/20 | Batch 50/606 | Loss: 0.4297 | Accuracy: 0.9081
2026-04-25 13:49:14,391 [INFO] Epoch 2/20 | Batch 100/606 | Loss: 0.5234 | Accuracy: 0.9141
2026-04-25 13:49:47,221 [INFO] Epoch 2/20 | Batch 150/606 | Loss: 0.5884 | Accuracy: 0.9133
2026-04-25 13:50:20,413 [INFO] Epoch 2/20 | Batch 200/606 | Loss: 0.4850 | Accuracy: 0.9152
2026-04-25 13:50:54,027 [INFO] Epoch 2/20 | Batch 250/606 | Loss: 0.3807 | Accuracy: 0.9160
2026-04-25 13:51:26,670 [INFO] Epoch 2/20 | Batch 300/606 | Loss: 0.5886 | Accuracy: 0.9170
2026-04-25 13:52:00,094 [INFO] Epoch 2/20 | Batch 350/606 | Loss: 0.4309 | Accuracy: 0.9159
2026-04-25 13:52:33,020 [INFO] Epoch 2/20 | Batch 400/606 | Loss: 0.4418 | Accuracy: 0.9166
2026-04-25 13:53:06,426 [INFO] Epoch 2/20 | Batch 450/606 | Loss: 0.5633 | Accuracy: 0.9174
2026-04-25 13:53:39,262 [INFO] Epoch 2/20 | Batch 500/606 | Loss: 0.3656 | Accuracy: 0.9181
2026-04-25 13:54:12,351 [INFO] Epoch 2/20 | Batch 550/606 | Loss: 0.4367 | Accuracy: 0.9193
2026-04-25 13:54:44,795 [INFO] Epoch 2/20 | Batch 600/606 | Loss: 0.3787 | Accuracy: 0.9198
2026-04-25 13:54:47,416 [INFO] Epoch 2/20 | Batch 606/606 | Loss: 0.8990 | Accuracy: 0.9200
2026-04-25 13:59:50,455 [INFO] Validation - Epoch [2/20] | Loss: 0.5794 | Accuracy: 0.8477 | F1 Score: 0.8481
2026-04-25 13:59:50,464 [INFO] Epoch 2 Train: Loss=0.5042 | Acc=0.92% — Val: Loss=0.5794 | Acc=0.85% | F1=0.8481 — lr: 0.000098
2026-04-25 13:59:50,465 [INFO] New best val loss: 0.5794
2026-04-25 13:59:50,943 [INFO] 
Epoch 3/20
2026-04-25 14:00:28,527 [INFO] Epoch 3/20 | Batch 50/606 | Loss: 0.3877 | Accuracy: 0.9475
2026-04-25 14:01:01,707 [INFO] Epoch 3/20 | Batch 100/606 | Loss: 0.2614 | Accuracy: 0.9481
2026-04-25 14:01:35,482 [INFO] Epoch 3/20 | Batch 150/606 | Loss: 0.3784 | Accuracy: 0.9460
2026-04-25 14:02:08,614 [INFO] Epoch 3/20 | Batch 200/606 | Loss: 0.4538 | Accuracy: 0.9447
2026-04-25 14:02:42,635 [INFO] Epoch 3/20 | Batch 250/606 | Loss: 0.3511 | Accuracy: 0.9441
2026-04-25 14:03:16,221 [INFO] Epoch 3/20 | Batch 300/606 | Loss: 0.4585 | Accuracy: 0.9430
2026-04-25 14:03:50,168 [INFO] Epoch 3/20 | Batch 350/606 | Loss: 0.3821 | Accuracy: 0.9425
2026-04-25 14:04:23,598 [INFO] Epoch 3/20 | Batch 400/606 | Loss: 0.3582 | Accuracy: 0.9421
2026-04-25 14:04:57,283 [INFO] Epoch 3/20 | Batch 450/606 | Loss: 0.2941 | Accuracy: 0.9417
2026-04-25 14:05:30,769 [INFO] Epoch 3/20 | Batch 500/606 | Loss: 0.2625 | Accuracy: 0.9427
2026-04-25 14:06:04,393 [INFO] Epoch 3/20 | Batch 550/606 | Loss: 0.4522 | Accuracy: 0.9426
2026-04-25 14:06:38,214 [INFO] Epoch 3/20 | Batch 600/606 | Loss: 0.2757 | Accuracy: 0.9431
2026-04-25 14:06:40,704 [INFO] Epoch 3/20 | Batch 606/606 | Loss: 0.4166 | Accuracy: 0.9427
2026-04-25 14:11:42,510 [INFO] Validation - Epoch [3/20] | Loss: 0.6340 | Accuracy: 0.8142 | F1 Score: 0.8127
2026-04-25 14:11:42,520 [INFO] Epoch 3 Train: Loss=0.3575 | Acc=0.94% — Val: Loss=0.6340 | Acc=0.81% | F1=0.8127 — lr: 0.000095
2026-04-25 14:11:42,698 [INFO] 
Epoch 4/20
2026-04-25 14:12:21,555 [INFO] Epoch 4/20 | Batch 50/606 | Loss: 0.1921 | Accuracy: 0.9575
2026-04-25 14:12:57,883 [INFO] Epoch 4/20 | Batch 100/606 | Loss: 0.3501 | Accuracy: 0.9553
2026-04-25 14:13:34,961 [INFO] Epoch 4/20 | Batch 150/606 | Loss: 0.2614 | Accuracy: 0.9529
2026-04-25 14:14:11,207 [INFO] Epoch 4/20 | Batch 200/606 | Loss: 0.3209 | Accuracy: 0.9537
2026-04-25 14:14:48,285 [INFO] Epoch 4/20 | Batch 250/606 | Loss: 0.2696 | Accuracy: 0.9560
2026-04-25 14:15:24,007 [INFO] Epoch 4/20 | Batch 300/606 | Loss: 0.2023 | Accuracy: 0.9571
2026-04-25 14:16:00,282 [INFO] Epoch 4/20 | Batch 350/606 | Loss: 0.2070 | Accuracy: 0.9571
2026-04-25 14:16:38,292 [INFO] Epoch 4/20 | Batch 400/606 | Loss: 0.2199 | Accuracy: 0.9580
2026-04-25 14:17:12,764 [INFO] Epoch 4/20 | Batch 450/606 | Loss: 0.3182 | Accuracy: 0.9570
2026-04-25 14:17:48,641 [INFO] Epoch 4/20 | Batch 500/606 | Loss: 0.3338 | Accuracy: 0.9580
2026-04-25 14:18:25,251 [INFO] Epoch 4/20 | Batch 550/606 | Loss: 0.2157 | Accuracy: 0.9587
2026-04-25 14:19:00,795 [INFO] Epoch 4/20 | Batch 600/606 | Loss: 0.2559 | Accuracy: 0.9589
2026-04-25 14:19:03,763 [INFO] Epoch 4/20 | Batch 606/606 | Loss: 1.5414 | Accuracy: 0.9585
2026-04-25 14:24:06,311 [INFO] Validation - Epoch [4/20] | Loss: 0.6020 | Accuracy: 0.8243 | F1 Score: 0.8245
2026-04-25 14:24:06,320 [INFO] Epoch 4 Train: Loss=0.2646 | Acc=0.96% — Val: Loss=0.6020 | Acc=0.82% | F1=0.8245 — lr: 0.000091
2026-04-25 14:24:06,492 [INFO] 
Epoch 5/20
2026-04-25 14:24:45,357 [INFO] Epoch 5/20 | Batch 50/606 | Loss: 0.2752 | Accuracy: 0.9619
2026-04-25 14:25:21,548 [INFO] Epoch 5/20 | Batch 100/606 | Loss: 0.1730 | Accuracy: 0.9641
2026-04-25 14:25:57,361 [INFO] Epoch 5/20 | Batch 150/606 | Loss: 0.2143 | Accuracy: 0.9667
2026-04-25 14:26:33,280 [INFO] Epoch 5/20 | Batch 200/606 | Loss: 0.2190 | Accuracy: 0.9644
2026-04-25 14:27:09,431 [INFO] Epoch 5/20 | Batch 250/606 | Loss: 0.2008 | Accuracy: 0.9655
2026-04-25 14:27:45,028 [INFO] Epoch 5/20 | Batch 300/606 | Loss: 0.2714 | Accuracy: 0.9657
2026-04-25 14:28:21,962 [INFO] Epoch 5/20 | Batch 350/606 | Loss: 0.4291 | Accuracy: 0.9654
2026-04-25 14:28:57,899 [INFO] Epoch 5/20 | Batch 400/606 | Loss: 0.1251 | Accuracy: 0.9663
2026-04-25 14:29:34,068 [INFO] Epoch 5/20 | Batch 450/606 | Loss: 0.1160 | Accuracy: 0.9657
2026-04-25 14:30:10,181 [INFO] Epoch 5/20 | Batch 500/606 | Loss: 0.2990 | Accuracy: 0.9663
2026-04-25 14:30:46,712 [INFO] Epoch 5/20 | Batch 550/606 | Loss: 0.1104 | Accuracy: 0.9670
2026-04-25 14:31:22,882 [INFO] Epoch 5/20 | Batch 600/606 | Loss: 0.1797 | Accuracy: 0.9673
2026-04-25 14:31:25,614 [INFO] Epoch 5/20 | Batch 606/606 | Loss: 1.0601 | Accuracy: 0.9673
2026-04-25 14:36:29,845 [INFO] Validation - Epoch [5/20] | Loss: 0.6332 | Accuracy: 0.8119 | F1 Score: 0.8114
2026-04-25 14:36:29,854 [INFO] Epoch 5 Train: Loss=0.2088 | Acc=0.97% — Val: Loss=0.6332 | Acc=0.81% | F1=0.8114 — lr: 0.000086
2026-04-25 14:36:30,036 [INFO] 
Epoch 6/20
2026-04-25 14:37:11,473 [INFO] Epoch 6/20 | Batch 50/606 | Loss: 0.1026 | Accuracy: 0.9794
2026-04-25 14:37:49,991 [INFO] Epoch 6/20 | Batch 100/606 | Loss: 0.0871 | Accuracy: 0.9747
2026-04-25 14:38:27,605 [INFO] Epoch 6/20 | Batch 150/606 | Loss: 0.0778 | Accuracy: 0.9735
2026-04-25 14:39:03,330 [INFO] Epoch 6/20 | Batch 200/606 | Loss: 0.2646 | Accuracy: 0.9739
2026-04-25 14:39:39,876 [INFO] Epoch 6/20 | Batch 250/606 | Loss: 0.1686 | Accuracy: 0.9754
2026-04-25 14:40:16,225 [INFO] Epoch 6/20 | Batch 300/606 | Loss: 0.1098 | Accuracy: 0.9764
2026-04-25 14:40:53,213 [INFO] Epoch 6/20 | Batch 350/606 | Loss: 0.2847 | Accuracy: 0.9750
2026-04-25 14:41:29,547 [INFO] Epoch 6/20 | Batch 400/606 | Loss: 0.2026 | Accuracy: 0.9751
2026-04-25 14:42:05,454 [INFO] Epoch 6/20 | Batch 450/606 | Loss: 0.2003 | Accuracy: 0.9749
2026-04-25 14:42:40,748 [INFO] Epoch 6/20 | Batch 500/606 | Loss: 0.0787 | Accuracy: 0.9752
2026-04-25 14:43:16,955 [INFO] Epoch 6/20 | Batch 550/606 | Loss: 0.1593 | Accuracy: 0.9745
2026-04-25 14:43:53,044 [INFO] Epoch 6/20 | Batch 600/606 | Loss: 0.1072 | Accuracy: 0.9750
2026-04-25 14:43:55,707 [INFO] Epoch 6/20 | Batch 606/606 | Loss: 0.2696 | Accuracy: 0.9749
2026-04-25 14:48:59,723 [INFO] Validation - Epoch [6/20] | Loss: 0.5917 | Accuracy: 0.8298 | F1 Score: 0.8296
2026-04-25 14:48:59,733 [INFO] Epoch 6 Train: Loss=0.1621 | Acc=0.97% — Val: Loss=0.5917 | Acc=0.83% | F1=0.8296 — lr: 0.000080
2026-04-25 14:48:59,966 [INFO] 
Epoch 7/20
2026-04-25 14:49:41,133 [INFO] Epoch 7/20 | Batch 50/606 | Loss: 0.0884 | Accuracy: 0.9756
2026-04-25 14:50:18,212 [INFO] Epoch 7/20 | Batch 100/606 | Loss: 0.2158 | Accuracy: 0.9778
2026-04-25 14:50:55,015 [INFO] Epoch 7/20 | Batch 150/606 | Loss: 0.0705 | Accuracy: 0.9781
2026-04-25 14:51:31,413 [INFO] Epoch 7/20 | Batch 200/606 | Loss: 0.1085 | Accuracy: 0.9769
2026-04-25 14:52:08,209 [INFO] Epoch 7/20 | Batch 250/606 | Loss: 0.1677 | Accuracy: 0.9776
2026-04-25 14:52:43,660 [INFO] Epoch 7/20 | Batch 300/606 | Loss: 0.1824 | Accuracy: 0.9777
2026-04-25 14:53:19,854 [INFO] Epoch 7/20 | Batch 350/606 | Loss: 0.0548 | Accuracy: 0.9778
2026-04-25 14:53:56,294 [INFO] Epoch 7/20 | Batch 400/606 | Loss: 0.1431 | Accuracy: 0.9778
2026-04-25 14:54:33,040 [INFO] Epoch 7/20 | Batch 450/606 | Loss: 0.0799 | Accuracy: 0.9777
2026-04-25 14:55:08,859 [INFO] Epoch 7/20 | Batch 500/606 | Loss: 0.0800 | Accuracy: 0.9781
2026-04-25 14:55:45,404 [INFO] Epoch 7/20 | Batch 550/606 | Loss: 0.1431 | Accuracy: 0.9785
2026-04-25 14:56:21,463 [INFO] Epoch 7/20 | Batch 600/606 | Loss: 0.1028 | Accuracy: 0.9785
2026-04-25 14:56:24,096 [INFO] Epoch 7/20 | Batch 606/606 | Loss: 0.3563 | Accuracy: 0.9786
2026-04-25 15:01:25,090 [INFO] Validation - Epoch [7/20] | Loss: 0.5422 | Accuracy: 0.8480 | F1 Score: 0.8485
2026-04-25 15:01:25,098 [INFO] Epoch 7 Train: Loss=0.1350 | Acc=0.98% — Val: Loss=0.5422 | Acc=0.85% | F1=0.8485 — lr: 0.000073
2026-04-25 15:01:25,099 [INFO] New best val loss: 0.5422
2026-04-25 15:01:25,707 [INFO] 
Epoch 8/20
2026-04-25 15:02:02,482 [INFO] Epoch 8/20 | Batch 50/606 | Loss: 0.1174 | Accuracy: 0.9794
2026-04-25 15:02:35,608 [INFO] Epoch 8/20 | Batch 100/606 | Loss: 0.1208 | Accuracy: 0.9825
2026-04-25 15:03:08,636 [INFO] Epoch 8/20 | Batch 150/606 | Loss: 0.1047 | Accuracy: 0.9825
2026-04-25 15:03:43,702 [INFO] Epoch 8/20 | Batch 200/606 | Loss: 0.0889 | Accuracy: 0.9827
2026-04-25 15:04:18,960 [INFO] Epoch 8/20 | Batch 250/606 | Loss: 0.0660 | Accuracy: 0.9829
2026-04-25 15:04:54,189 [INFO] Epoch 8/20 | Batch 300/606 | Loss: 0.0785 | Accuracy: 0.9833
2026-04-25 15:05:29,698 [INFO] Epoch 8/20 | Batch 350/606 | Loss: 0.0729 | Accuracy: 0.9832
2026-04-25 15:06:03,349 [INFO] Epoch 8/20 | Batch 400/606 | Loss: 0.0717 | Accuracy: 0.9830
2026-04-25 15:06:36,281 [INFO] Epoch 8/20 | Batch 450/606 | Loss: 0.0731 | Accuracy: 0.9831
2026-04-25 15:07:10,145 [INFO] Epoch 8/20 | Batch 500/606 | Loss: 0.0445 | Accuracy: 0.9833
2026-04-25 15:07:45,451 [INFO] Epoch 8/20 | Batch 550/606 | Loss: 0.1468 | Accuracy: 0.9829
2026-04-25 15:08:19,189 [INFO] Epoch 8/20 | Batch 600/606 | Loss: 0.3440 | Accuracy: 0.9827
2026-04-25 15:08:22,022 [INFO] Epoch 8/20 | Batch 606/606 | Loss: 0.0626 | Accuracy: 0.9825
2026-04-25 15:13:25,331 [INFO] Validation - Epoch [8/20] | Loss: 0.6934 | Accuracy: 0.8095 | F1 Score: 0.8119
2026-04-25 15:13:25,340 [INFO] Epoch 8 Train: Loss=0.1138 | Acc=0.98% — Val: Loss=0.6934 | Acc=0.81% | F1=0.8119 — lr: 0.000066
2026-04-25 15:13:25,575 [INFO] 
Epoch 9/20
2026-04-25 15:14:05,478 [INFO] Epoch 9/20 | Batch 50/606 | Loss: 0.0831 | Accuracy: 0.9812
2026-04-25 15:14:41,389 [INFO] Epoch 9/20 | Batch 100/606 | Loss: 0.0462 | Accuracy: 0.9847
2026-04-25 15:15:17,431 [INFO] Epoch 9/20 | Batch 150/606 | Loss: 0.0634 | Accuracy: 0.9854
2026-04-25 15:15:52,806 [INFO] Epoch 9/20 | Batch 200/606 | Loss: 0.0637 | Accuracy: 0.9855
2026-04-25 15:16:28,287 [INFO] Epoch 9/20 | Batch 250/606 | Loss: 0.1034 | Accuracy: 0.9862
2026-04-25 15:17:04,103 [INFO] Epoch 9/20 | Batch 300/606 | Loss: 0.0846 | Accuracy: 0.9867
2026-04-25 15:17:39,839 [INFO] Epoch 9/20 | Batch 350/606 | Loss: 0.0505 | Accuracy: 0.9864
2026-04-25 15:18:15,773 [INFO] Epoch 9/20 | Batch 400/606 | Loss: 0.1861 | Accuracy: 0.9862
2026-04-25 15:18:51,012 [INFO] Epoch 9/20 | Batch 450/606 | Loss: 0.0687 | Accuracy: 0.9859
2026-04-25 15:19:27,487 [INFO] Epoch 9/20 | Batch 500/606 | Loss: 0.1004 | Accuracy: 0.9864
2026-04-25 15:20:03,360 [INFO] Epoch 9/20 | Batch 550/606 | Loss: 0.2431 | Accuracy: 0.9865
2026-04-25 15:20:38,570 [INFO] Epoch 9/20 | Batch 600/606 | Loss: 0.0627 | Accuracy: 0.9869
2026-04-25 15:20:41,249 [INFO] Epoch 9/20 | Batch 606/606 | Loss: 0.4895 | Accuracy: 0.9868
2026-04-25 15:25:47,652 [INFO] Validation - Epoch [9/20] | Loss: 0.6185 | Accuracy: 0.8346 | F1 Score: 0.8351
2026-04-25 15:25:47,662 [INFO] Epoch 9 Train: Loss=0.0917 | Acc=0.99% — Val: Loss=0.6185 | Acc=0.83% | F1=0.8351 — lr: 0.000058
2026-04-25 15:25:47,850 [INFO] 
Epoch 10/20
2026-04-25 15:26:28,238 [INFO] Epoch 10/20 | Batch 50/606 | Loss: 0.0358 | Accuracy: 0.9931
2026-04-25 15:27:04,114 [INFO] Epoch 10/20 | Batch 100/606 | Loss: 0.0849 | Accuracy: 0.9912
2026-04-25 15:27:40,753 [INFO] Epoch 10/20 | Batch 150/606 | Loss: 0.1592 | Accuracy: 0.9915
2026-04-25 15:28:18,189 [INFO] Epoch 10/20 | Batch 200/606 | Loss: 0.1256 | Accuracy: 0.9905
2026-04-25 15:28:54,422 [INFO] Epoch 10/20 | Batch 250/606 | Loss: 0.1503 | Accuracy: 0.9901
2026-04-25 15:29:30,063 [INFO] Epoch 10/20 | Batch 300/606 | Loss: 0.1215 | Accuracy: 0.9880
2026-04-25 15:30:06,243 [INFO] Epoch 10/20 | Batch 350/606 | Loss: 0.0767 | Accuracy: 0.9880
2026-04-25 15:30:41,935 [INFO] Epoch 10/20 | Batch 400/606 | Loss: 0.0348 | Accuracy: 0.9886
2026-04-25 15:31:18,108 [INFO] Epoch 10/20 | Batch 450/606 | Loss: 0.1083 | Accuracy: 0.9887
2026-04-25 15:31:54,243 [INFO] Epoch 10/20 | Batch 500/606 | Loss: 0.0441 | Accuracy: 0.9885
2026-04-25 15:32:30,901 [INFO] Epoch 10/20 | Batch 550/606 | Loss: 0.0499 | Accuracy: 0.9888
2026-04-25 15:33:06,384 [INFO] Epoch 10/20 | Batch 600/606 | Loss: 0.1612 | Accuracy: 0.9886
2026-04-25 15:33:09,180 [INFO] Epoch 10/20 | Batch 606/606 | Loss: 0.1836 | Accuracy: 0.9886
2026-04-25 15:38:20,323 [INFO] Validation - Epoch [10/20] | Loss: 0.5903 | Accuracy: 0.8430 | F1 Score: 0.8436
2026-04-25 15:38:20,333 [INFO] Epoch 10 Train: Loss=0.0815 | Acc=0.99% — Val: Loss=0.5903 | Acc=0.84% | F1=0.8436 — lr: 0.000051
2026-04-25 15:38:20,527 [INFO] 
Epoch 11/20
2026-04-25 15:39:02,282 [INFO] Epoch 11/20 | Batch 50/606 | Loss: 0.2837 | Accuracy: 0.9888
2026-04-25 15:39:40,578 [INFO] Epoch 11/20 | Batch 100/606 | Loss: 0.0736 | Accuracy: 0.9897
2026-04-25 15:40:18,873 [INFO] Epoch 11/20 | Batch 150/606 | Loss: 0.0514 | Accuracy: 0.9902
2026-04-25 15:40:56,517 [INFO] Epoch 11/20 | Batch 200/606 | Loss: 0.1162 | Accuracy: 0.9900
2026-04-25 15:41:34,481 [INFO] Epoch 11/20 | Batch 250/606 | Loss: 0.1022 | Accuracy: 0.9900
2026-04-25 15:42:12,103 [INFO] Epoch 11/20 | Batch 300/606 | Loss: 0.0549 | Accuracy: 0.9898
2026-04-25 15:42:49,812 [INFO] Epoch 11/20 | Batch 350/606 | Loss: 0.0412 | Accuracy: 0.9896
2026-04-25 15:43:27,695 [INFO] Epoch 11/20 | Batch 400/606 | Loss: 0.0421 | Accuracy: 0.9898
2026-04-25 15:44:06,300 [INFO] Epoch 11/20 | Batch 450/606 | Loss: 0.0864 | Accuracy: 0.9900
2026-04-25 15:44:43,926 [INFO] Epoch 11/20 | Batch 500/606 | Loss: 0.0287 | Accuracy: 0.9903
2026-04-25 15:45:22,966 [INFO] Epoch 11/20 | Batch 550/606 | Loss: 0.0363 | Accuracy: 0.9904
2026-04-25 15:46:02,418 [INFO] Epoch 11/20 | Batch 600/606 | Loss: 0.1056 | Accuracy: 0.9903
2026-04-25 15:46:05,214 [INFO] Epoch 11/20 | Batch 606/606 | Loss: 0.4990 | Accuracy: 0.9902
2026-04-25 15:51:11,312 [INFO] Validation - Epoch [11/20] | Loss: 0.6391 | Accuracy: 0.8318 | F1 Score: 0.8318
2026-04-25 15:51:11,327 [INFO] Epoch 11 Train: Loss=0.0692 | Acc=0.99% — Val: Loss=0.6391 | Acc=0.83% | F1=0.8318 — lr: 0.000043
2026-04-25 15:51:11,514 [INFO] 
Epoch 12/20
