2026-04-25 09:59:33,014 [INFO] Device: cuda:0 | GPUs: 2 | Seed: 131 | Experiment: B4_RCRG_2R_11C | Version: 1
2026-04-25 09:59:33,015 [INFO] Experiment dir: experiments/B4_RCRG_2R_11C_20260425_095933
2026-04-25 09:59:37,365 [INFO] Train: 19368 samples | Val: 12069 samples
2026-04-25 09:59:37,366 [INFO] Batch: 16 × 2 GPUs = 32 | Accum: 2
2026-04-25 09:59:38,185 [INFO] Using nn.DataParallel on 2 GPUs
2026-04-25 09:59:38,186 [INFO] Parameters: 1,230,984 trainable
2026-04-25 09:59:38,187 [INFO] 
Epoch 1/20
2026-04-25 10:00:15,666 [INFO] Epoch 1/20 | Batch 50/606 | Loss: 1.5341 | Accuracy: 0.4200
2026-04-25 10:00:49,226 [INFO] Epoch 1/20 | Batch 100/606 | Loss: 1.0286 | Accuracy: 0.5625
2026-04-25 10:01:22,644 [INFO] Epoch 1/20 | Batch 150/606 | Loss: 0.9305 | Accuracy: 0.6460
2026-04-25 10:01:56,185 [INFO] Epoch 1/20 | Batch 200/606 | Loss: 0.6115 | Accuracy: 0.6883
2026-04-25 10:02:29,761 [INFO] Epoch 1/20 | Batch 250/606 | Loss: 0.6311 | Accuracy: 0.7180
2026-04-25 10:03:03,967 [INFO] Epoch 1/20 | Batch 300/606 | Loss: 0.5911 | Accuracy: 0.7436
2026-04-25 10:03:37,138 [INFO] Epoch 1/20 | Batch 350/606 | Loss: 0.8038 | Accuracy: 0.7602
2026-04-25 10:04:10,219 [INFO] Epoch 1/20 | Batch 400/606 | Loss: 0.3894 | Accuracy: 0.7752
2026-04-25 10:04:44,189 [INFO] Epoch 1/20 | Batch 450/606 | Loss: 0.5487 | Accuracy: 0.7858
2026-04-25 10:05:16,683 [INFO] Epoch 1/20 | Batch 500/606 | Loss: 0.5315 | Accuracy: 0.7943
2026-04-25 10:05:50,848 [INFO] Epoch 1/20 | Batch 550/606 | Loss: 0.4702 | Accuracy: 0.8025
2026-04-25 10:06:23,560 [INFO] Epoch 1/20 | Batch 600/606 | Loss: 0.3562 | Accuracy: 0.8098
2026-04-25 10:06:25,997 [INFO] Epoch 1/20 | Batch 606/606 | Loss: 0.7363 | Accuracy: 0.8104
2026-04-25 10:11:24,283 [INFO] Validation - Epoch [1/20] | Loss: 0.6388 | Accuracy: 0.8264 | F1 Score: 0.8264
2026-04-25 10:11:24,292 [INFO] Epoch 1 Train: Loss=0.7806 | Acc=0.81% — Val: Loss=0.6388 | Acc=0.83% | F1=0.8264 — lr: 0.000099
2026-04-25 10:11:24,292 [INFO] New best val loss: 0.6388
2026-04-25 10:11:24,613 [INFO] 
Epoch 2/20
2026-04-25 10:12:01,713 [INFO] Epoch 2/20 | Batch 50/606 | Loss: 0.4179 | Accuracy: 0.9000
2026-04-25 10:12:35,637 [INFO] Epoch 2/20 | Batch 100/606 | Loss: 0.4556 | Accuracy: 0.8994
2026-04-25 10:13:08,638 [INFO] Epoch 2/20 | Batch 150/606 | Loss: 0.5442 | Accuracy: 0.9029
2026-04-25 10:13:41,514 [INFO] Epoch 2/20 | Batch 200/606 | Loss: 0.4767 | Accuracy: 0.9080
2026-04-25 10:14:14,310 [INFO] Epoch 2/20 | Batch 250/606 | Loss: 0.4259 | Accuracy: 0.9111
2026-04-25 10:14:47,466 [INFO] Epoch 2/20 | Batch 300/606 | Loss: 0.3106 | Accuracy: 0.9137
2026-04-25 10:15:21,088 [INFO] Epoch 2/20 | Batch 350/606 | Loss: 0.4402 | Accuracy: 0.9134
2026-04-25 10:15:54,438 [INFO] Epoch 2/20 | Batch 400/606 | Loss: 0.4539 | Accuracy: 0.9144
2026-04-25 10:16:27,570 [INFO] Epoch 2/20 | Batch 450/606 | Loss: 0.3909 | Accuracy: 0.9150
2026-04-25 10:17:00,546 [INFO] Epoch 2/20 | Batch 500/606 | Loss: 0.5600 | Accuracy: 0.9153
2026-04-25 10:17:33,703 [INFO] Epoch 2/20 | Batch 550/606 | Loss: 0.3780 | Accuracy: 0.9168
2026-04-25 10:18:06,494 [INFO] Epoch 2/20 | Batch 600/606 | Loss: 0.3165 | Accuracy: 0.9180
2026-04-25 10:18:09,393 [INFO] Epoch 2/20 | Batch 606/606 | Loss: 0.5316 | Accuracy: 0.9182
2026-04-25 10:23:08,128 [INFO] Validation - Epoch [2/20] | Loss: 0.5839 | Accuracy: 0.8219 | F1 Score: 0.8216
2026-04-25 10:23:08,137 [INFO] Epoch 2 Train: Loss=0.3834 | Acc=0.92% — Val: Loss=0.5839 | Acc=0.82% | F1=0.8216 — lr: 0.000098
2026-04-25 10:23:08,138 [INFO] New best val loss: 0.5839
2026-04-25 10:23:08,553 [INFO] 
Epoch 3/20
2026-04-25 10:23:45,377 [INFO] Epoch 3/20 | Batch 50/606 | Loss: 0.2950 | Accuracy: 0.9431
2026-04-25 10:24:18,308 [INFO] Epoch 3/20 | Batch 100/606 | Loss: 0.2420 | Accuracy: 0.9400
2026-04-25 10:24:51,219 [INFO] Epoch 3/20 | Batch 150/606 | Loss: 0.1351 | Accuracy: 0.9392
2026-04-25 10:25:24,672 [INFO] Epoch 3/20 | Batch 200/606 | Loss: 0.2189 | Accuracy: 0.9420
2026-04-25 10:25:57,467 [INFO] Epoch 3/20 | Batch 250/606 | Loss: 0.3115 | Accuracy: 0.9413
2026-04-25 10:26:30,424 [INFO] Epoch 3/20 | Batch 300/606 | Loss: 0.3095 | Accuracy: 0.9409
2026-04-25 10:27:03,331 [INFO] Epoch 3/20 | Batch 350/606 | Loss: 0.2132 | Accuracy: 0.9407
2026-04-25 10:27:36,101 [INFO] Epoch 3/20 | Batch 400/606 | Loss: 0.2532 | Accuracy: 0.9417
2026-04-25 10:28:09,616 [INFO] Epoch 3/20 | Batch 450/606 | Loss: 0.1785 | Accuracy: 0.9414
2026-04-25 10:28:42,579 [INFO] Epoch 3/20 | Batch 500/606 | Loss: 0.1274 | Accuracy: 0.9409
2026-04-25 10:29:15,722 [INFO] Epoch 3/20 | Batch 550/606 | Loss: 0.4822 | Accuracy: 0.9403
2026-04-25 10:29:48,830 [INFO] Epoch 3/20 | Batch 600/606 | Loss: 0.2511 | Accuracy: 0.9404
2026-04-25 10:29:51,417 [INFO] Epoch 3/20 | Batch 606/606 | Loss: 0.7710 | Accuracy: 0.9403
2026-04-25 10:34:50,066 [INFO] Validation - Epoch [3/20] | Loss: 0.5847 | Accuracy: 0.8258 | F1 Score: 0.8276
2026-04-25 10:34:50,075 [INFO] Epoch 3 Train: Loss=0.2706 | Acc=0.94% — Val: Loss=0.5847 | Acc=0.83% | F1=0.8276 — lr: 0.000095
2026-04-25 10:34:50,248 [INFO] 
Epoch 4/20
2026-04-25 10:35:26,081 [INFO] Epoch 4/20 | Batch 50/606 | Loss: 0.3012 | Accuracy: 0.9369
2026-04-25 10:35:58,648 [INFO] Epoch 4/20 | Batch 100/606 | Loss: 0.2565 | Accuracy: 0.9459
2026-04-25 10:36:31,301 [INFO] Epoch 4/20 | Batch 150/606 | Loss: 0.1850 | Accuracy: 0.9475
2026-04-25 10:37:03,474 [INFO] Epoch 4/20 | Batch 200/606 | Loss: 0.1576 | Accuracy: 0.9463
2026-04-25 10:37:36,256 [INFO] Epoch 4/20 | Batch 250/606 | Loss: 0.2421 | Accuracy: 0.9493
2026-04-25 10:38:09,474 [INFO] Epoch 4/20 | Batch 300/606 | Loss: 0.3238 | Accuracy: 0.9493
2026-04-25 10:38:45,485 [INFO] Epoch 4/20 | Batch 350/606 | Loss: 0.3156 | Accuracy: 0.9479
2026-04-25 10:39:22,695 [INFO] Epoch 4/20 | Batch 400/606 | Loss: 0.1751 | Accuracy: 0.9475
2026-04-25 10:39:59,874 [INFO] Epoch 4/20 | Batch 450/606 | Loss: 0.2176 | Accuracy: 0.9478
2026-04-25 10:40:36,634 [INFO] Epoch 4/20 | Batch 500/606 | Loss: 0.2279 | Accuracy: 0.9487
2026-04-25 10:41:13,586 [INFO] Epoch 4/20 | Batch 550/606 | Loss: 0.3278 | Accuracy: 0.9494
2026-04-25 10:41:49,503 [INFO] Epoch 4/20 | Batch 600/606 | Loss: 0.2139 | Accuracy: 0.9501
2026-04-25 10:41:52,372 [INFO] Epoch 4/20 | Batch 606/606 | Loss: 0.4014 | Accuracy: 0.9501
2026-04-25 10:46:54,905 [INFO] Validation - Epoch [4/20] | Loss: 0.6278 | Accuracy: 0.8088 | F1 Score: 0.8058
2026-04-25 10:46:54,914 [INFO] Epoch 4 Train: Loss=0.2099 | Acc=0.95% — Val: Loss=0.6278 | Acc=0.81% | F1=0.8058 — lr: 0.000091
2026-04-25 10:46:55,084 [INFO] 
Epoch 5/20
2026-04-25 10:47:33,308 [INFO] Epoch 5/20 | Batch 50/606 | Loss: 0.2222 | Accuracy: 0.9437
2026-04-25 10:48:08,239 [INFO] Epoch 5/20 | Batch 100/606 | Loss: 0.0781 | Accuracy: 0.9463
2026-04-25 10:48:43,946 [INFO] Epoch 5/20 | Batch 150/606 | Loss: 0.2271 | Accuracy: 0.9535
2026-04-25 10:49:17,880 [INFO] Epoch 5/20 | Batch 200/606 | Loss: 0.2166 | Accuracy: 0.9541
2026-04-25 10:49:52,760 [INFO] Epoch 5/20 | Batch 250/606 | Loss: 0.2339 | Accuracy: 0.9543
2026-04-25 10:50:27,069 [INFO] Epoch 5/20 | Batch 300/606 | Loss: 0.0803 | Accuracy: 0.9565
2026-04-25 10:51:01,713 [INFO] Epoch 5/20 | Batch 350/606 | Loss: 0.0814 | Accuracy: 0.9572
2026-04-25 10:51:36,364 [INFO] Epoch 5/20 | Batch 400/606 | Loss: 0.1310 | Accuracy: 0.9583
2026-04-25 10:52:11,145 [INFO] Epoch 5/20 | Batch 450/606 | Loss: 0.0884 | Accuracy: 0.9584
2026-04-25 10:52:45,165 [INFO] Epoch 5/20 | Batch 500/606 | Loss: 0.1473 | Accuracy: 0.9581
2026-04-25 10:53:18,997 [INFO] Epoch 5/20 | Batch 550/606 | Loss: 0.1564 | Accuracy: 0.9579
2026-04-25 10:53:52,850 [INFO] Epoch 5/20 | Batch 600/606 | Loss: 0.1877 | Accuracy: 0.9587
2026-04-25 10:53:55,602 [INFO] Epoch 5/20 | Batch 606/606 | Loss: 0.1299 | Accuracy: 0.9588
2026-04-25 10:58:56,855 [INFO] Validation - Epoch [5/20] | Loss: 0.6231 | Accuracy: 0.8239 | F1 Score: 0.8239
2026-04-25 10:58:56,864 [INFO] Epoch 5 Train: Loss=0.1711 | Acc=0.96% — Val: Loss=0.6231 | Acc=0.82% | F1=0.8239 — lr: 0.000086
2026-04-25 10:58:57,029 [INFO] 
Epoch 6/20
2026-04-25 10:59:34,313 [INFO] Epoch 6/20 | Batch 50/606 | Loss: 0.0558 | Accuracy: 0.9700
2026-04-25 11:00:07,733 [INFO] Epoch 6/20 | Batch 100/606 | Loss: 0.1095 | Accuracy: 0.9669
2026-04-25 11:00:41,664 [INFO] Epoch 6/20 | Batch 150/606 | Loss: 0.0584 | Accuracy: 0.9700
2026-04-25 11:01:15,649 [INFO] Epoch 6/20 | Batch 200/606 | Loss: 0.0671 | Accuracy: 0.9698
2026-04-25 11:01:50,034 [INFO] Epoch 6/20 | Batch 250/606 | Loss: 0.2770 | Accuracy: 0.9705
2026-04-25 11:02:23,268 [INFO] Epoch 6/20 | Batch 300/606 | Loss: 0.1997 | Accuracy: 0.9696
2026-04-25 11:02:57,277 [INFO] Epoch 6/20 | Batch 350/606 | Loss: 0.1091 | Accuracy: 0.9697
2026-04-25 11:03:30,559 [INFO] Epoch 6/20 | Batch 400/606 | Loss: 0.1361 | Accuracy: 0.9699
2026-04-25 11:04:05,028 [INFO] Epoch 6/20 | Batch 450/606 | Loss: 0.1233 | Accuracy: 0.9702
2026-04-25 11:04:38,490 [INFO] Epoch 6/20 | Batch 500/606 | Loss: 0.0455 | Accuracy: 0.9703
2026-04-25 11:05:12,332 [INFO] Epoch 6/20 | Batch 550/606 | Loss: 0.0811 | Accuracy: 0.9702
2026-04-25 11:05:45,769 [INFO] Epoch 6/20 | Batch 600/606 | Loss: 0.1128 | Accuracy: 0.9704
2026-04-25 11:05:48,254 [INFO] Epoch 6/20 | Batch 606/606 | Loss: 0.0452 | Accuracy: 0.9704
2026-04-25 11:10:49,695 [INFO] Validation - Epoch [6/20] | Loss: 0.6052 | Accuracy: 0.8277 | F1 Score: 0.8271
2026-04-25 11:10:49,709 [INFO] Epoch 6 Train: Loss=0.1310 | Acc=0.97% — Val: Loss=0.6052 | Acc=0.83% | F1=0.8271 — lr: 0.000080
2026-04-25 11:10:49,892 [INFO] 
Epoch 7/20
2026-04-25 11:11:27,599 [INFO] Epoch 7/20 | Batch 50/606 | Loss: 0.0601 | Accuracy: 0.9694
2026-04-25 11:12:00,666 [INFO] Epoch 7/20 | Batch 100/606 | Loss: 0.2547 | Accuracy: 0.9678
2026-04-25 11:12:34,165 [INFO] Epoch 7/20 | Batch 150/606 | Loss: 0.1146 | Accuracy: 0.9721
2026-04-25 11:13:07,328 [INFO] Epoch 7/20 | Batch 200/606 | Loss: 0.0340 | Accuracy: 0.9741
2026-04-25 11:13:40,611 [INFO] Epoch 7/20 | Batch 250/606 | Loss: 0.0653 | Accuracy: 0.9739
2026-04-25 11:14:13,770 [INFO] Epoch 7/20 | Batch 300/606 | Loss: 0.2672 | Accuracy: 0.9742
2026-04-25 11:14:47,467 [INFO] Epoch 7/20 | Batch 350/606 | Loss: 0.2593 | Accuracy: 0.9744
2026-04-25 11:15:21,754 [INFO] Epoch 7/20 | Batch 400/606 | Loss: 0.2626 | Accuracy: 0.9741
2026-04-25 11:15:56,968 [INFO] Epoch 7/20 | Batch 450/606 | Loss: 0.0920 | Accuracy: 0.9756
2026-04-25 11:16:31,502 [INFO] Epoch 7/20 | Batch 500/606 | Loss: 0.0539 | Accuracy: 0.9753
2026-04-25 11:17:06,443 [INFO] Epoch 7/20 | Batch 550/606 | Loss: 0.2746 | Accuracy: 0.9755
2026-04-25 11:17:40,670 [INFO] Epoch 7/20 | Batch 600/606 | Loss: 0.2880 | Accuracy: 0.9756
2026-04-25 11:17:43,498 [INFO] Epoch 7/20 | Batch 606/606 | Loss: 0.2747 | Accuracy: 0.9755
2026-04-25 11:22:44,094 [INFO] Validation - Epoch [7/20] | Loss: 0.6627 | Accuracy: 0.8028 | F1 Score: 0.7980
2026-04-25 11:22:44,104 [INFO] Epoch 7 Train: Loss=0.1099 | Acc=0.98% — Val: Loss=0.6627 | Acc=0.80% | F1=0.7980 — lr: 0.000073
2026-04-25 11:22:44,268 [INFO] 
Epoch 8/20
2026-04-25 11:23:20,868 [INFO] Epoch 8/20 | Batch 50/606 | Loss: 0.1482 | Accuracy: 0.9812
2026-04-25 11:23:54,213 [INFO] Epoch 8/20 | Batch 100/606 | Loss: 0.1521 | Accuracy: 0.9797
2026-04-25 11:24:27,109 [INFO] Epoch 8/20 | Batch 150/606 | Loss: 0.0583 | Accuracy: 0.9783
2026-04-25 11:24:59,854 [INFO] Epoch 8/20 | Batch 200/606 | Loss: 0.0791 | Accuracy: 0.9791
2026-04-25 11:25:32,690 [INFO] Epoch 8/20 | Batch 250/606 | Loss: 0.0556 | Accuracy: 0.9785
2026-04-25 11:26:05,722 [INFO] Epoch 8/20 | Batch 300/606 | Loss: 0.0718 | Accuracy: 0.9783
2026-04-25 11:26:39,053 [INFO] Epoch 8/20 | Batch 350/606 | Loss: 0.1367 | Accuracy: 0.9785
2026-04-25 11:27:12,282 [INFO] Epoch 8/20 | Batch 400/606 | Loss: 0.0290 | Accuracy: 0.9788
2026-04-25 11:27:47,874 [INFO] Epoch 8/20 | Batch 450/606 | Loss: 0.1904 | Accuracy: 0.9784
2026-04-25 11:28:20,954 [INFO] Epoch 8/20 | Batch 500/606 | Loss: 0.0899 | Accuracy: 0.9779
2026-04-25 11:28:54,547 [INFO] Epoch 8/20 | Batch 550/606 | Loss: 0.0616 | Accuracy: 0.9777
2026-04-25 11:29:27,979 [INFO] Epoch 8/20 | Batch 600/606 | Loss: 0.1035 | Accuracy: 0.9778
2026-04-25 11:29:30,719 [INFO] Epoch 8/20 | Batch 606/606 | Loss: 0.0448 | Accuracy: 0.9780
2026-04-25 11:34:31,094 [INFO] Validation - Epoch [8/20] | Loss: 0.6368 | Accuracy: 0.8147 | F1 Score: 0.8127
2026-04-25 11:34:31,108 [INFO] Epoch 8 Train: Loss=0.0956 | Acc=0.98% — Val: Loss=0.6368 | Acc=0.81% | F1=0.8127 — lr: 0.000066
2026-04-25 11:34:31,269 [INFO] 
Epoch 9/20
2026-04-25 11:35:07,509 [INFO] Epoch 9/20 | Batch 50/606 | Loss: 0.0681 | Accuracy: 0.9731
2026-04-25 11:35:40,039 [INFO] Epoch 9/20 | Batch 100/606 | Loss: 0.0696 | Accuracy: 0.9753
2026-04-25 11:36:13,894 [INFO] Epoch 9/20 | Batch 150/606 | Loss: 0.0532 | Accuracy: 0.9754
2026-04-25 11:36:46,829 [INFO] Epoch 9/20 | Batch 200/606 | Loss: 0.1997 | Accuracy: 0.9770
2026-04-25 11:37:20,532 [INFO] Epoch 9/20 | Batch 250/606 | Loss: 0.1841 | Accuracy: 0.9770
2026-04-25 11:37:53,953 [INFO] Epoch 9/20 | Batch 300/606 | Loss: 0.0239 | Accuracy: 0.9779
2026-04-25 11:38:27,987 [INFO] Epoch 9/20 | Batch 350/606 | Loss: 0.0572 | Accuracy: 0.9787
2026-04-25 11:39:00,528 [INFO] Epoch 9/20 | Batch 400/606 | Loss: 0.0673 | Accuracy: 0.9795
2026-04-25 11:39:34,542 [INFO] Epoch 9/20 | Batch 450/606 | Loss: 0.0587 | Accuracy: 0.9800
2026-04-25 11:40:07,965 [INFO] Epoch 9/20 | Batch 500/606 | Loss: 0.1079 | Accuracy: 0.9796
2026-04-25 11:40:41,672 [INFO] Epoch 9/20 | Batch 550/606 | Loss: 0.0901 | Accuracy: 0.9797
2026-04-25 11:41:15,267 [INFO] Epoch 9/20 | Batch 600/606 | Loss: 0.0400 | Accuracy: 0.9799
2026-04-25 11:41:17,805 [INFO] Epoch 9/20 | Batch 606/606 | Loss: 1.0308 | Accuracy: 0.9798
2026-04-25 11:46:18,002 [INFO] Validation - Epoch [9/20] | Loss: 0.6794 | Accuracy: 0.8155 | F1 Score: 0.8113
2026-04-25 11:46:18,011 [INFO] Epoch 9 Train: Loss=0.0855 | Acc=0.98% — Val: Loss=0.6794 | Acc=0.82% | F1=0.8113 — lr: 0.000058
2026-04-25 11:46:18,186 [INFO] 
Epoch 10/20
2026-04-25 11:46:54,682 [INFO] Epoch 10/20 | Batch 50/606 | Loss: 0.2116 | Accuracy: 0.9844
2026-04-25 11:47:27,605 [INFO] Epoch 10/20 | Batch 100/606 | Loss: 0.1282 | Accuracy: 0.9859
2026-04-25 11:48:01,469 [INFO] Epoch 10/20 | Batch 150/606 | Loss: 0.0344 | Accuracy: 0.9858
2026-04-25 11:48:34,682 [INFO] Epoch 10/20 | Batch 200/606 | Loss: 0.0904 | Accuracy: 0.9852
2026-04-25 11:49:08,208 [INFO] Epoch 10/20 | Batch 250/606 | Loss: 0.0363 | Accuracy: 0.9842
2026-04-25 11:49:40,894 [INFO] Epoch 10/20 | Batch 300/606 | Loss: 0.0822 | Accuracy: 0.9835
2026-04-25 11:50:14,511 [INFO] Epoch 10/20 | Batch 350/606 | Loss: 0.0351 | Accuracy: 0.9832
2026-04-25 11:50:47,730 [INFO] Epoch 10/20 | Batch 400/606 | Loss: 0.0421 | Accuracy: 0.9841
2026-04-25 11:51:21,051 [INFO] Epoch 10/20 | Batch 450/606 | Loss: 0.0609 | Accuracy: 0.9842
2026-04-25 11:51:54,104 [INFO] Epoch 10/20 | Batch 500/606 | Loss: 0.0402 | Accuracy: 0.9834
2026-04-25 11:52:27,458 [INFO] Epoch 10/20 | Batch 550/606 | Loss: 0.0972 | Accuracy: 0.9834
2026-04-25 11:53:00,664 [INFO] Epoch 10/20 | Batch 600/606 | Loss: 0.0780 | Accuracy: 0.9832
2026-04-25 11:53:03,091 [INFO] Epoch 10/20 | Batch 606/606 | Loss: 0.4826 | Accuracy: 0.9831
2026-04-25 11:58:05,360 [INFO] Validation - Epoch [10/20] | Loss: 0.6867 | Accuracy: 0.8205 | F1 Score: 0.8185
2026-04-25 11:58:05,372 [INFO] Epoch 10 Train: Loss=0.0735 | Acc=0.98% — Val: Loss=0.6867 | Acc=0.82% | F1=0.8185 — lr: 0.000051
2026-04-25 11:58:05,557 [INFO] 
Epoch 11/20
