2026-04-24 21:46:38,974 [INFO] Device: cuda:0 | GPUs: 2 | Seed: 131 | Experiment: B3_RCRG_1R_1C_notTuned | Version: 1
2026-04-24 21:46:38,974 [INFO] Experiment dir: experiments/B3_RCRG_1R_1C_notTuned_20260424_214638
2026-04-24 21:46:42,805 [INFO] Train: 19368 samples | Val: 12069 samples
2026-04-24 21:46:42,806 [INFO] Batch: 16 × 2 GPUs = 32 | Accum: 2
2026-04-24 21:46:44,035 [INFO] Using nn.DataParallel on 2 GPUs
2026-04-24 21:46:44,037 [INFO] Parameters: 575,112 trainable
2026-04-24 21:46:44,037 [INFO] 
Epoch 1/20
2026-04-24 21:47:26,386 [INFO] Epoch 1/20 | Batch 50/606 | Loss: 1.8983 | Accuracy: 0.1581
2026-04-24 21:48:03,814 [INFO] Epoch 1/20 | Batch 100/606 | Loss: 1.8560 | Accuracy: 0.2031
2026-04-24 21:48:40,682 [INFO] Epoch 1/20 | Batch 150/606 | Loss: 1.7398 | Accuracy: 0.2427
2026-04-24 21:49:17,580 [INFO] Epoch 1/20 | Batch 200/606 | Loss: 1.6909 | Accuracy: 0.2716
2026-04-24 21:49:54,613 [INFO] Epoch 1/20 | Batch 250/606 | Loss: 1.7882 | Accuracy: 0.3020
2026-04-24 21:50:31,053 [INFO] Epoch 1/20 | Batch 300/606 | Loss: 1.4510 | Accuracy: 0.3275
2026-04-24 21:51:08,881 [INFO] Epoch 1/20 | Batch 350/606 | Loss: 1.5416 | Accuracy: 0.3559
2026-04-24 21:51:45,901 [INFO] Epoch 1/20 | Batch 400/606 | Loss: 1.2879 | Accuracy: 0.3756
2026-04-24 21:52:23,403 [INFO] Epoch 1/20 | Batch 450/606 | Loss: 1.4239 | Accuracy: 0.3976
2026-04-24 21:52:59,955 [INFO] Epoch 1/20 | Batch 500/606 | Loss: 1.1049 | Accuracy: 0.4179
2026-04-24 21:53:37,477 [INFO] Epoch 1/20 | Batch 550/606 | Loss: 1.1841 | Accuracy: 0.4350
2026-04-24 21:54:14,457 [INFO] Epoch 1/20 | Batch 600/606 | Loss: 0.9300 | Accuracy: 0.4526
2026-04-24 21:54:17,415 [INFO] Epoch 1/20 | Batch 606/606 | Loss: 1.4969 | Accuracy: 0.4542
2026-04-24 21:59:31,793 [INFO] Validation - Epoch [1/20] | Loss: 1.1455 | Accuracy: 0.6171 | F1 Score: 0.6028
2026-04-24 21:59:31,802 [INFO] Epoch 1 Train: Loss=1.5465 | Acc=0.45% — Val: Loss=1.1455 | Acc=0.62% | F1=0.6028 — lr: 0.000099
2026-04-24 21:59:31,803 [INFO] New best val loss: 1.1455
2026-04-24 21:59:32,121 [INFO] 
Epoch 2/20
2026-04-24 22:00:11,822 [INFO] Epoch 2/20 | Batch 50/606 | Loss: 1.0035 | Accuracy: 0.6194
2026-04-24 22:00:48,194 [INFO] Epoch 2/20 | Batch 100/606 | Loss: 1.3130 | Accuracy: 0.6297
2026-04-24 22:01:24,743 [INFO] Epoch 2/20 | Batch 150/606 | Loss: 0.9504 | Accuracy: 0.6369
2026-04-24 22:02:00,990 [INFO] Epoch 2/20 | Batch 200/606 | Loss: 1.1813 | Accuracy: 0.6473
2026-04-24 22:02:38,161 [INFO] Epoch 2/20 | Batch 250/606 | Loss: 0.8507 | Accuracy: 0.6562
2026-04-24 22:03:13,789 [INFO] Epoch 2/20 | Batch 300/606 | Loss: 1.0452 | Accuracy: 0.6599
2026-04-24 22:03:50,236 [INFO] Epoch 2/20 | Batch 350/606 | Loss: 0.8880 | Accuracy: 0.6629
2026-04-24 22:04:25,855 [INFO] Epoch 2/20 | Batch 400/606 | Loss: 1.0120 | Accuracy: 0.6655
2026-04-24 22:05:02,476 [INFO] Epoch 2/20 | Batch 450/606 | Loss: 1.0813 | Accuracy: 0.6698
2026-04-24 22:05:40,220 [INFO] Epoch 2/20 | Batch 500/606 | Loss: 0.6500 | Accuracy: 0.6740
2026-04-24 22:06:17,345 [INFO] Epoch 2/20 | Batch 550/606 | Loss: 0.8764 | Accuracy: 0.6759
2026-04-24 22:06:51,948 [INFO] Epoch 2/20 | Batch 600/606 | Loss: 0.8295 | Accuracy: 0.6771
2026-04-24 22:06:54,978 [INFO] Epoch 2/20 | Batch 606/606 | Loss: 0.9669 | Accuracy: 0.6774
2026-04-24 22:12:05,383 [INFO] Validation - Epoch [2/20] | Loss: 0.9638 | Accuracy: 0.6747 | F1 Score: 0.6729
2026-04-24 22:12:05,392 [INFO] Epoch 2 Train: Loss=0.9879 | Acc=0.68% — Val: Loss=0.9638 | Acc=0.67% | F1=0.6729 — lr: 0.000098
2026-04-24 22:12:05,393 [INFO] New best val loss: 0.9638
2026-04-24 22:12:05,794 [INFO] 
Epoch 3/20
2026-04-24 22:12:43,654 [INFO] Epoch 3/20 | Batch 50/606 | Loss: 0.9745 | Accuracy: 0.7106
2026-04-24 22:13:19,387 [INFO] Epoch 3/20 | Batch 100/606 | Loss: 0.9002 | Accuracy: 0.7300
2026-04-24 22:13:55,053 [INFO] Epoch 3/20 | Batch 150/606 | Loss: 1.1221 | Accuracy: 0.7262
2026-04-24 22:14:30,082 [INFO] Epoch 3/20 | Batch 200/606 | Loss: 0.6758 | Accuracy: 0.7281
2026-04-24 22:15:05,446 [INFO] Epoch 3/20 | Batch 250/606 | Loss: 0.8714 | Accuracy: 0.7269
2026-04-24 22:15:40,478 [INFO] Epoch 3/20 | Batch 300/606 | Loss: 0.8702 | Accuracy: 0.7310
2026-04-24 22:16:16,044 [INFO] Epoch 3/20 | Batch 350/606 | Loss: 0.8177 | Accuracy: 0.7316
2026-04-24 22:16:51,753 [INFO] Epoch 3/20 | Batch 400/606 | Loss: 1.1165 | Accuracy: 0.7338
2026-04-24 22:17:28,516 [INFO] Epoch 3/20 | Batch 450/606 | Loss: 0.7150 | Accuracy: 0.7358
2026-04-24 22:18:05,459 [INFO] Epoch 3/20 | Batch 500/606 | Loss: 0.6993 | Accuracy: 0.7366
2026-04-24 22:18:43,145 [INFO] Epoch 3/20 | Batch 550/606 | Loss: 0.5583 | Accuracy: 0.7381
2026-04-24 22:19:19,104 [INFO] Epoch 3/20 | Batch 600/606 | Loss: 0.8773 | Accuracy: 0.7383
2026-04-24 22:19:21,878 [INFO] Epoch 3/20 | Batch 606/606 | Loss: 1.0746 | Accuracy: 0.7387
2026-04-24 22:24:34,876 [INFO] Validation - Epoch [3/20] | Loss: 0.9652 | Accuracy: 0.6657 | F1 Score: 0.6608
2026-04-24 22:24:34,886 [INFO] Epoch 3 Train: Loss=0.8143 | Acc=0.74% — Val: Loss=0.9652 | Acc=0.67% | F1=0.6608 — lr: 0.000095
2026-04-24 22:24:35,069 [INFO] 
Epoch 4/20
2026-04-24 22:25:13,179 [INFO] Epoch 4/20 | Batch 50/606 | Loss: 0.8713 | Accuracy: 0.7456
2026-04-24 22:25:48,777 [INFO] Epoch 4/20 | Batch 100/606 | Loss: 1.0781 | Accuracy: 0.7481
2026-04-24 22:26:24,925 [INFO] Epoch 4/20 | Batch 150/606 | Loss: 0.5630 | Accuracy: 0.7506
2026-04-24 22:27:00,669 [INFO] Epoch 4/20 | Batch 200/606 | Loss: 0.7134 | Accuracy: 0.7569
2026-04-24 22:27:34,520 [INFO] Epoch 4/20 | Batch 250/606 | Loss: 0.8379 | Accuracy: 0.7606
2026-04-24 22:28:07,374 [INFO] Epoch 4/20 | Batch 300/606 | Loss: 0.5972 | Accuracy: 0.7634
2026-04-24 22:28:43,085 [INFO] Epoch 4/20 | Batch 350/606 | Loss: 0.6160 | Accuracy: 0.7619
2026-04-24 22:29:18,317 [INFO] Epoch 4/20 | Batch 400/606 | Loss: 0.7480 | Accuracy: 0.7619
2026-04-24 22:29:53,086 [INFO] Epoch 4/20 | Batch 450/606 | Loss: 0.7103 | Accuracy: 0.7638
2026-04-24 22:30:29,851 [INFO] Epoch 4/20 | Batch 500/606 | Loss: 0.5295 | Accuracy: 0.7642
2026-04-24 22:31:04,769 [INFO] Epoch 4/20 | Batch 550/606 | Loss: 0.7347 | Accuracy: 0.7646
2026-04-24 22:31:38,633 [INFO] Epoch 4/20 | Batch 600/606 | Loss: 1.1332 | Accuracy: 0.7651
2026-04-24 22:31:41,593 [INFO] Epoch 4/20 | Batch 606/606 | Loss: 0.9404 | Accuracy: 0.7651
2026-04-24 22:36:50,988 [INFO] Validation - Epoch [4/20] | Loss: 0.9163 | Accuracy: 0.6845 | F1 Score: 0.6764
2026-04-24 22:36:50,996 [INFO] Epoch 4 Train: Loss=0.7249 | Acc=0.77% — Val: Loss=0.9163 | Acc=0.68% | F1=0.6764 — lr: 0.000091
2026-04-24 22:36:50,998 [INFO] New best val loss: 0.9163
2026-04-24 22:36:51,409 [INFO] 
Epoch 5/20
2026-04-24 22:37:29,364 [INFO] Epoch 5/20 | Batch 50/606 | Loss: 0.6390 | Accuracy: 0.7650
2026-04-24 22:38:04,093 [INFO] Epoch 5/20 | Batch 100/606 | Loss: 0.5575 | Accuracy: 0.7750
2026-04-24 22:38:38,985 [INFO] Epoch 5/20 | Batch 150/606 | Loss: 0.6399 | Accuracy: 0.7729
2026-04-24 22:39:12,979 [INFO] Epoch 5/20 | Batch 200/606 | Loss: 0.6970 | Accuracy: 0.7802
2026-04-24 22:39:47,677 [INFO] Epoch 5/20 | Batch 250/606 | Loss: 0.6163 | Accuracy: 0.7800
2026-04-24 22:40:22,177 [INFO] Epoch 5/20 | Batch 300/606 | Loss: 0.6721 | Accuracy: 0.7792
2026-04-24 22:40:56,126 [INFO] Epoch 5/20 | Batch 350/606 | Loss: 0.5020 | Accuracy: 0.7796
2026-04-24 22:41:31,921 [INFO] Epoch 5/20 | Batch 400/606 | Loss: 0.5478 | Accuracy: 0.7804
2026-04-24 22:42:08,209 [INFO] Epoch 5/20 | Batch 450/606 | Loss: 0.6031 | Accuracy: 0.7817
2026-04-24 22:42:44,718 [INFO] Epoch 5/20 | Batch 500/606 | Loss: 0.6866 | Accuracy: 0.7827
2026-04-24 22:43:22,545 [INFO] Epoch 5/20 | Batch 550/606 | Loss: 0.5381 | Accuracy: 0.7836
2026-04-24 22:43:59,019 [INFO] Epoch 5/20 | Batch 600/606 | Loss: 0.6006 | Accuracy: 0.7833
2026-04-24 22:44:01,783 [INFO] Epoch 5/20 | Batch 606/606 | Loss: 0.9429 | Accuracy: 0.7832
2026-04-24 22:49:16,050 [INFO] Validation - Epoch [5/20] | Loss: 0.8721 | Accuracy: 0.7030 | F1 Score: 0.6973
2026-04-24 22:49:16,060 [INFO] Epoch 5 Train: Loss=0.6695 | Acc=0.78% — Val: Loss=0.8721 | Acc=0.70% | F1=0.6973 — lr: 0.000086
2026-04-24 22:49:16,061 [INFO] New best val loss: 0.8721
2026-04-24 22:49:16,482 [INFO] 
Epoch 6/20
2026-04-24 22:49:56,474 [INFO] Epoch 6/20 | Batch 50/606 | Loss: 0.6176 | Accuracy: 0.8025
2026-04-24 22:50:32,488 [INFO] Epoch 6/20 | Batch 100/606 | Loss: 0.6368 | Accuracy: 0.7941
2026-04-24 22:51:08,074 [INFO] Epoch 6/20 | Batch 150/606 | Loss: 0.6150 | Accuracy: 0.7971
2026-04-24 22:51:43,162 [INFO] Epoch 6/20 | Batch 200/606 | Loss: 0.5909 | Accuracy: 0.7959
2026-04-24 22:52:18,810 [INFO] Epoch 6/20 | Batch 250/606 | Loss: 0.4318 | Accuracy: 0.7959
2026-04-24 22:52:54,117 [INFO] Epoch 6/20 | Batch 300/606 | Loss: 0.4655 | Accuracy: 0.7957
2026-04-24 22:53:29,788 [INFO] Epoch 6/20 | Batch 350/606 | Loss: 0.4705 | Accuracy: 0.7963
2026-04-24 22:54:04,687 [INFO] Epoch 6/20 | Batch 400/606 | Loss: 0.5909 | Accuracy: 0.7963
2026-04-24 22:54:39,700 [INFO] Epoch 6/20 | Batch 450/606 | Loss: 0.5699 | Accuracy: 0.7978
2026-04-24 22:55:14,927 [INFO] Epoch 6/20 | Batch 500/606 | Loss: 0.6138 | Accuracy: 0.7983
2026-04-24 22:55:49,430 [INFO] Epoch 6/20 | Batch 550/606 | Loss: 0.4337 | Accuracy: 0.7987
2026-04-24 22:56:24,924 [INFO] Epoch 6/20 | Batch 600/606 | Loss: 0.3879 | Accuracy: 0.7986
2026-04-24 22:56:27,561 [INFO] Epoch 6/20 | Batch 606/606 | Loss: 1.0831 | Accuracy: 0.7988
2026-04-24 23:01:39,642 [INFO] Validation - Epoch [6/20] | Loss: 0.8696 | Accuracy: 0.7069 | F1 Score: 0.7035
2026-04-24 23:01:39,653 [INFO] Epoch 6 Train: Loss=0.6187 | Acc=0.80% — Val: Loss=0.8696 | Acc=0.71% | F1=0.7035 — lr: 0.000080
2026-04-24 23:01:39,653 [INFO] New best val loss: 0.8696
2026-04-24 23:01:40,081 [INFO] 
Epoch 7/20
2026-04-24 23:02:20,089 [INFO] Epoch 7/20 | Batch 50/606 | Loss: 0.9171 | Accuracy: 0.8144
2026-04-24 23:02:57,006 [INFO] Epoch 7/20 | Batch 100/606 | Loss: 0.4700 | Accuracy: 0.8103
2026-04-24 23:03:34,986 [INFO] Epoch 7/20 | Batch 150/606 | Loss: 0.5643 | Accuracy: 0.8042
2026-04-24 23:04:11,880 [INFO] Epoch 7/20 | Batch 200/606 | Loss: 0.5007 | Accuracy: 0.8048
2026-04-24 23:04:48,611 [INFO] Epoch 7/20 | Batch 250/606 | Loss: 0.4150 | Accuracy: 0.8030
2026-04-24 23:05:25,285 [INFO] Epoch 7/20 | Batch 300/606 | Loss: 0.5664 | Accuracy: 0.8046
2026-04-24 23:06:03,032 [INFO] Epoch 7/20 | Batch 350/606 | Loss: 0.6502 | Accuracy: 0.8055
2026-04-24 23:06:40,201 [INFO] Epoch 7/20 | Batch 400/606 | Loss: 0.6681 | Accuracy: 0.8061
2026-04-24 23:07:17,272 [INFO] Epoch 7/20 | Batch 450/606 | Loss: 0.4800 | Accuracy: 0.8060
2026-04-24 23:07:54,377 [INFO] Epoch 7/20 | Batch 500/606 | Loss: 0.7908 | Accuracy: 0.8057
2026-04-24 23:08:32,135 [INFO] Epoch 7/20 | Batch 550/606 | Loss: 0.7182 | Accuracy: 0.8064
2026-04-24 23:09:07,788 [INFO] Epoch 7/20 | Batch 600/606 | Loss: 0.6043 | Accuracy: 0.8065
2026-04-24 23:09:10,937 [INFO] Epoch 7/20 | Batch 606/606 | Loss: 0.5312 | Accuracy: 0.8067
2026-04-24 23:14:24,244 [INFO] Validation - Epoch [7/20] | Loss: 0.8185 | Accuracy: 0.7317 | F1 Score: 0.7319
2026-04-24 23:14:24,255 [INFO] Epoch 7 Train: Loss=0.5888 | Acc=0.81% — Val: Loss=0.8185 | Acc=0.73% | F1=0.7319 — lr: 0.000073
2026-04-24 23:14:24,256 [INFO] New best val loss: 0.8185
2026-04-24 23:14:24,680 [INFO] 
Epoch 8/20
2026-04-24 23:15:06,802 [INFO] Epoch 8/20 | Batch 50/606 | Loss: 0.6878 | Accuracy: 0.8087
2026-04-24 23:15:43,217 [INFO] Epoch 8/20 | Batch 100/606 | Loss: 0.4800 | Accuracy: 0.8209
2026-04-24 23:16:21,000 [INFO] Epoch 8/20 | Batch 150/606 | Loss: 0.6039 | Accuracy: 0.8210
2026-04-24 23:16:58,329 [INFO] Epoch 8/20 | Batch 200/606 | Loss: 0.5521 | Accuracy: 0.8211
2026-04-24 23:17:35,603 [INFO] Epoch 8/20 | Batch 250/606 | Loss: 0.4037 | Accuracy: 0.8204
2026-04-24 23:18:11,212 [INFO] Epoch 8/20 | Batch 300/606 | Loss: 0.5319 | Accuracy: 0.8202
2026-04-24 23:18:46,831 [INFO] Epoch 8/20 | Batch 350/606 | Loss: 0.3915 | Accuracy: 0.8237
2026-04-24 23:19:22,588 [INFO] Epoch 8/20 | Batch 400/606 | Loss: 0.6171 | Accuracy: 0.8232
2026-04-24 23:19:58,408 [INFO] Epoch 8/20 | Batch 450/606 | Loss: 0.6995 | Accuracy: 0.8218
2026-04-24 23:20:34,597 [INFO] Epoch 8/20 | Batch 500/606 | Loss: 0.5374 | Accuracy: 0.8227
2026-04-24 23:21:10,949 [INFO] Epoch 8/20 | Batch 550/606 | Loss: 0.3841 | Accuracy: 0.8228
2026-04-24 23:21:46,721 [INFO] Epoch 8/20 | Batch 600/606 | Loss: 0.2827 | Accuracy: 0.8213
2026-04-24 23:21:49,651 [INFO] Epoch 8/20 | Batch 606/606 | Loss: 1.0036 | Accuracy: 0.8215
2026-04-24 23:27:06,162 [INFO] Validation - Epoch [8/20] | Loss: 0.9041 | Accuracy: 0.7032 | F1 Score: 0.6929
2026-04-24 23:27:06,172 [INFO] Epoch 8 Train: Loss=0.5492 | Acc=0.82% — Val: Loss=0.9041 | Acc=0.70% | F1=0.6929 — lr: 0.000066
2026-04-24 23:27:06,338 [INFO] 
Epoch 9/20
2026-04-24 23:27:46,483 [INFO] Epoch 9/20 | Batch 50/606 | Loss: 0.4947 | Accuracy: 0.8325
2026-04-24 23:28:23,314 [INFO] Epoch 9/20 | Batch 100/606 | Loss: 0.3619 | Accuracy: 0.8263
2026-04-24 23:28:59,552 [INFO] Epoch 9/20 | Batch 150/606 | Loss: 0.3164 | Accuracy: 0.8308
2026-04-24 23:29:35,521 [INFO] Epoch 9/20 | Batch 200/606 | Loss: 0.5312 | Accuracy: 0.8284
2026-04-24 23:30:12,056 [INFO] Epoch 9/20 | Batch 250/606 | Loss: 0.4247 | Accuracy: 0.8274
2026-04-24 23:30:47,696 [INFO] Epoch 9/20 | Batch 300/606 | Loss: 0.7505 | Accuracy: 0.8276
2026-04-24 23:31:24,377 [INFO] Epoch 9/20 | Batch 350/606 | Loss: 0.6310 | Accuracy: 0.8279
2026-04-24 23:31:59,505 [INFO] Epoch 9/20 | Batch 400/606 | Loss: 0.6104 | Accuracy: 0.8258
2026-04-24 23:32:32,867 [INFO] Epoch 9/20 | Batch 450/606 | Loss: 0.5304 | Accuracy: 0.8269
2026-04-24 23:33:08,373 [INFO] Epoch 9/20 | Batch 500/606 | Loss: 0.4792 | Accuracy: 0.8271
2026-04-24 23:33:43,657 [INFO] Epoch 9/20 | Batch 550/606 | Loss: 0.3716 | Accuracy: 0.8275
2026-04-24 23:34:19,522 [INFO] Epoch 9/20 | Batch 600/606 | Loss: 0.2827 | Accuracy: 0.8261
2026-04-24 23:34:22,374 [INFO] Epoch 9/20 | Batch 606/606 | Loss: 0.1736 | Accuracy: 0.8265
2026-04-24 23:39:34,313 [INFO] Validation - Epoch [9/20] | Loss: 0.8446 | Accuracy: 0.7188 | F1 Score: 0.7159
2026-04-24 23:39:34,330 [INFO] Epoch 9 Train: Loss=0.5274 | Acc=0.83% — Val: Loss=0.8446 | Acc=0.72% | F1=0.7159 — lr: 0.000058
2026-04-24 23:39:34,596 [INFO] 
Epoch 10/20
2026-04-24 23:40:16,441 [INFO] Epoch 10/20 | Batch 50/606 | Loss: 0.6142 | Accuracy: 0.8313
2026-04-24 23:40:53,020 [INFO] Epoch 10/20 | Batch 100/606 | Loss: 0.3631 | Accuracy: 0.8278
2026-04-24 23:41:30,264 [INFO] Epoch 10/20 | Batch 150/606 | Loss: 0.4096 | Accuracy: 0.8287
2026-04-24 23:42:07,113 [INFO] Epoch 10/20 | Batch 200/606 | Loss: 0.4824 | Accuracy: 0.8286
2026-04-24 23:42:46,272 [INFO] Epoch 10/20 | Batch 250/606 | Loss: 0.3935 | Accuracy: 0.8336
2026-04-24 23:43:24,163 [INFO] Epoch 10/20 | Batch 300/606 | Loss: 0.5670 | Accuracy: 0.8332
2026-04-24 23:44:02,991 [INFO] Epoch 10/20 | Batch 350/606 | Loss: 0.4939 | Accuracy: 0.8337
2026-04-24 23:44:40,674 [INFO] Epoch 10/20 | Batch 400/606 | Loss: 0.5029 | Accuracy: 0.8327
2026-04-24 23:45:17,902 [INFO] Epoch 10/20 | Batch 450/606 | Loss: 0.4192 | Accuracy: 0.8328
2026-04-24 23:45:54,408 [INFO] Epoch 10/20 | Batch 500/606 | Loss: 0.3773 | Accuracy: 0.8335
2026-04-24 23:46:31,382 [INFO] Epoch 10/20 | Batch 550/606 | Loss: 0.4665 | Accuracy: 0.8335
2026-04-24 23:47:07,539 [INFO] Epoch 10/20 | Batch 600/606 | Loss: 0.5481 | Accuracy: 0.8337
2026-04-24 23:47:10,372 [INFO] Epoch 10/20 | Batch 606/606 | Loss: 1.5950 | Accuracy: 0.8335
2026-04-24 23:52:24,577 [INFO] Validation - Epoch [10/20] | Loss: 0.9375 | Accuracy: 0.6950 | F1 Score: 0.6917
2026-04-24 23:52:24,588 [INFO] Epoch 10 Train: Loss=0.5091 | Acc=0.83% — Val: Loss=0.9375 | Acc=0.70% | F1=0.6917 — lr: 0.000051
2026-04-24 23:52:24,773 [INFO] 
Epoch 11/20
